2024-10-05 21:30:18.707 [info] [main] Log level: Info
2024-10-05 21:30:18.708 [info] [main] Validating found git in: "git"
2024-10-05 21:30:18.708 [info] [main] Using git "2.43.0" from "git"
2024-10-05 21:30:18.708 [info] [Model][doInitialScan] Initial repository scan started
2024-10-05 21:30:18.708 [info] > git rev-parse --show-toplevel [7ms]
2024-10-05 21:30:18.708 [info] > git rev-parse --git-dir --git-common-dir [9ms]
2024-10-05 21:30:18.708 [info] [Model][openRepository] Opened repository: /home/yonatancarrillo
2024-10-05 21:30:18.708 [info] [Model][doInitialScan] Initial repository scan completed - repositories (1), closed repositories (0), parent repositories (0), unsafe repositories (0)
2024-10-05 21:30:18.708 [info] > git config --get commit.template [187ms]
2024-10-05 21:30:18.746 [info] > git for-each-ref --format=%(refname)%00%(upstream:short)%00%(objectname)%00%(upstream:track)%00%(upstream:remotename)%00%(upstream:remoteref) refs/heads/main refs/remotes/main [28ms]
2024-10-05 21:30:18.755 [warning] [Git][revParse] Unable to read file: ENOENT: no such file or directory, open '/home/yonatancarrillo/.git/refs/remotes/origin/main'
2024-10-05 21:30:18.758 [info] > git rev-parse refs/remotes/origin/main [3ms]
2024-10-05 21:30:18.777 [info] > git for-each-ref --sort -committerdate --format %(refname) %(objectname) %(*objectname) [4ms]
2024-10-05 21:30:19.155 [info] > git fetch [665ms]
2024-10-05 21:30:19.155 [info] Missing or invalid credentials.
Skip silent fetch commands
Host key verification failed.
fatal: Could not read from remote repository.

Please make sure you have the correct access rights
and the repository exists.
2024-10-05 21:30:19.194 [info] > git status -z -uall [430ms] (cancelled)
2024-10-05 21:30:19.194 [info] > git for-each-ref --format=%(refname)%00%(upstream:short)%00%(objectname)%00%(upstream:track)%00%(upstream:remotename)%00%(upstream:remoteref) refs/heads/main refs/remotes/main [32ms]
2024-10-05 21:30:19.207 [info] > git config --get commit.template [15ms]
2024-10-05 21:30:19.208 [info] > git config --get commit.template [33ms]
2024-10-05 21:30:19.210 [info] > git config --local branch.main.vscode-merge-base [9ms]
2024-10-05 21:30:19.210 [warning] [Git][config] git config failed: Failed to execute git
2024-10-05 21:30:19.236 [info] > git for-each-ref --format=%(refname)%00%(upstream:short)%00%(objectname)%00%(upstream:track)%00%(upstream:remotename)%00%(upstream:remoteref) refs/heads/main refs/remotes/main [10ms]
2024-10-05 21:30:19.237 [info] > git reflog main --grep-reflog=branch: Created from *. [21ms]
2024-10-05 21:30:19.245 [warning] [Git][revParse] Unable to read file: ENOENT: no such file or directory, open '/home/yonatancarrillo/.git/refs/remotes/origin/main'
2024-10-05 21:30:19.246 [info] > git for-each-ref --format=%(refname)%00%(upstream:short)%00%(objectname)%00%(upstream:track)%00%(upstream:remotename)%00%(upstream:remoteref) refs/heads/main refs/remotes/main [14ms]
2024-10-05 21:30:19.262 [warning] [Git][revParse] Unable to read file: ENOENT: no such file or directory, open '/home/yonatancarrillo/.git/refs/remotes/origin/main'
2024-10-05 21:30:19.263 [info] > git symbolic-ref --short refs/remotes/origin/HEAD [23ms]
2024-10-05 21:30:19.263 [info] fatal: ref refs/remotes/origin/HEAD is not a symbolic ref
2024-10-05 21:30:19.263 [warning] [Repository][getDefaultBranch] Failed to get default branch details: Failed to execute git.
2024-10-05 21:30:19.271 [info] > git rev-parse refs/remotes/origin/main [9ms]
2024-10-05 21:30:19.283 [info] > git rev-parse refs/remotes/origin/main [37ms]
2024-10-05 21:30:19.350 [info] > git merge-base refs/heads/main refs/remotes/origin/main [43ms]
2024-10-05 21:30:19.371 [info] > git for-each-ref --sort -committerdate --format %(refname) %(objectname) %(*objectname) [89ms]
2024-10-05 21:30:19.372 [info] > git merge-base refs/heads/main refs/remotes/origin/main [104ms]
2024-10-05 21:30:19.404 [info] > git diff --name-status -z --diff-filter=ADMR 49e58478b4d04713056e6d6b8c3c8eab88ffeca5...refs/remotes/origin/main [6ms]
2024-10-05 21:30:19.406 [info] > git diff --name-status -z --diff-filter=ADMR 49e58478b4d04713056e6d6b8c3c8eab88ffeca5...refs/remotes/origin/main [36ms]
2024-10-05 21:30:19.732 [info] > git status -z -uall [456ms]
2024-10-05 21:30:40.936 [info] > git show --textconv :portafolio-personal/introduccion/javascript/index.hrml [17ms]
2024-10-05 21:30:40.948 [info] > git ls-files --stage -- /home/yonatancarrillo/portafolio-personal/introduccion/javascript/index.hrml [22ms]
2024-10-05 21:30:41.112 [info] > git check-ignore -v -z --stdin [7ms]
2024-10-05 21:30:46.578 [info] > git config --get commit.template [5ms]
2024-10-05 21:30:46.581 [info] > git for-each-ref --format=%(refname)%00%(upstream:short)%00%(objectname)%00%(upstream:track)%00%(upstream:remotename)%00%(upstream:remoteref) refs/heads/main refs/remotes/main [7ms]
2024-10-05 21:30:46.587 [warning] [Git][revParse] Unable to read file: ENOENT: no such file or directory, open '/home/yonatancarrillo/.git/refs/remotes/origin/main'
2024-10-05 21:30:46.589 [info] > git rev-parse refs/remotes/origin/main [3ms]
2024-10-05 21:30:46.604 [info] > git for-each-ref --sort -committerdate --format %(refname) %(objectname) %(*objectname) [4ms]
2024-10-05 21:30:46.853 [info] > git status -z -uall [259ms]
2024-10-05 21:30:52.002 [info] > git config --get commit.template [6ms]
2024-10-05 21:30:52.003 [info] > git for-each-ref --format=%(refname)%00%(upstream:short)%00%(objectname)%00%(upstream:track)%00%(upstream:remotename)%00%(upstream:remoteref) refs/heads/main refs/remotes/main [3ms]
2024-10-05 21:30:52.007 [warning] [Git][revParse] Unable to read file: ENOENT: no such file or directory, open '/home/yonatancarrillo/.git/refs/remotes/origin/main'
2024-10-05 21:30:52.009 [info] > git rev-parse refs/remotes/origin/main [1ms]
2024-10-05 21:30:52.023 [info] > git for-each-ref --sort -committerdate --format %(refname) %(objectname) %(*objectname) [6ms]
2024-10-05 21:30:52.230 [info] > git status -z -uall [218ms]
2024-10-05 21:30:57.329 [info] > git config --get commit.template [4ms]
2024-10-05 21:30:57.331 [info] > git for-each-ref --format=%(refname)%00%(upstream:short)%00%(objectname)%00%(upstream:track)%00%(upstream:remotename)%00%(upstream:remoteref) refs/heads/main refs/remotes/main [3ms]
2024-10-05 21:30:57.334 [warning] [Git][revParse] Unable to read file: ENOENT: no such file or directory, open '/home/yonatancarrillo/.git/refs/remotes/origin/main'
2024-10-05 21:30:57.336 [info] > git rev-parse refs/remotes/origin/main [1ms]
2024-10-05 21:30:57.347 [info] > git for-each-ref --sort -committerdate --format %(refname) %(objectname) %(*objectname) [3ms]
2024-10-05 21:30:57.540 [info] > git status -z -uall [201ms]
2024-10-05 21:31:02.633 [info] > git config --get commit.template [7ms]
2024-10-05 21:31:02.639 [info] > git for-each-ref --format=%(refname)%00%(upstream:short)%00%(objectname)%00%(upstream:track)%00%(upstream:remotename)%00%(upstream:remoteref) refs/heads/main refs/remotes/main [2ms]
2024-10-05 21:31:02.642 [warning] [Git][revParse] Unable to read file: ENOENT: no such file or directory, open '/home/yonatancarrillo/.git/refs/remotes/origin/main'
2024-10-05 21:31:02.644 [info] > git rev-parse refs/remotes/origin/main [2ms]
2024-10-05 21:31:02.657 [info] > git for-each-ref --sort -committerdate --format %(refname) %(objectname) %(*objectname) [1ms]
2024-10-05 21:31:02.848 [info] > git status -z -uall [201ms]
2024-10-05 21:31:07.079 [info] > git show --textconv :portafolio-personal/introduccion/javascript/index.html [19ms]
2024-10-05 21:31:07.107 [info] > git ls-files --stage -- /home/yonatancarrillo/portafolio-personal/introduccion/javascript/index.html [31ms]
2024-10-05 21:31:07.199 [info] > git check-ignore -v -z --stdin [18ms]
2024-10-05 21:31:07.937 [info] > git config --get commit.template [6ms]
2024-10-05 21:31:07.955 [info] > git for-each-ref --format=%(refname)%00%(upstream:short)%00%(objectname)%00%(upstream:track)%00%(upstream:remotename)%00%(upstream:remoteref) refs/heads/main refs/remotes/main [11ms]
2024-10-05 21:31:07.960 [warning] [Git][revParse] Unable to read file: ENOENT: no such file or directory, open '/home/yonatancarrillo/.git/refs/remotes/origin/main'
2024-10-05 21:31:07.964 [info] > git rev-parse refs/remotes/origin/main [3ms]
2024-10-05 21:31:07.975 [info] > git for-each-ref --sort -committerdate --format %(refname) %(objectname) %(*objectname) [3ms]
2024-10-05 21:31:08.182 [info] > git status -z -uall [214ms]
2024-10-05 21:31:13.281 [info] > git config --get commit.template [6ms]
2024-10-05 21:31:13.283 [info] > git for-each-ref --format=%(refname)%00%(upstream:short)%00%(objectname)%00%(upstream:track)%00%(upstream:remotename)%00%(upstream:remoteref) refs/heads/main refs/remotes/main [3ms]
2024-10-05 21:31:13.287 [warning] [Git][revParse] Unable to read file: ENOENT: no such file or directory, open '/home/yonatancarrillo/.git/refs/remotes/origin/main'
2024-10-05 21:31:13.289 [info] > git rev-parse refs/remotes/origin/main [2ms]
2024-10-05 21:31:13.301 [info] > git for-each-ref --sort -committerdate --format %(refname) %(objectname) %(*objectname) [3ms]
2024-10-05 21:31:13.510 [info] > git status -z -uall [217ms]
2024-10-05 21:31:18.598 [info] > git config --get commit.template [6ms]
2024-10-05 21:31:18.600 [info] > git for-each-ref --format=%(refname)%00%(upstream:short)%00%(objectname)%00%(upstream:track)%00%(upstream:remotename)%00%(upstream:remoteref) refs/heads/main refs/remotes/main [3ms]
2024-10-05 21:31:18.604 [warning] [Git][revParse] Unable to read file: ENOENT: no such file or directory, open '/home/yonatancarrillo/.git/refs/remotes/origin/main'
2024-10-05 21:31:18.606 [info] > git rev-parse refs/remotes/origin/main [1ms]
2024-10-05 21:31:18.621 [info] > git for-each-ref --sort -committerdate --format %(refname) %(objectname) %(*objectname) [7ms]
2024-10-05 21:31:18.808 [info] > git status -z -uall [199ms]
2024-10-05 21:31:23.896 [info] > git config --get commit.template [4ms]
2024-10-05 21:31:23.905 [info] > git for-each-ref --format=%(refname)%00%(upstream:short)%00%(objectname)%00%(upstream:track)%00%(upstream:remotename)%00%(upstream:remoteref) refs/heads/main refs/remotes/main [3ms]
2024-10-05 21:31:23.909 [warning] [Git][revParse] Unable to read file: ENOENT: no such file or directory, open '/home/yonatancarrillo/.git/refs/remotes/origin/main'
2024-10-05 21:31:23.911 [info] > git rev-parse refs/remotes/origin/main [2ms]
2024-10-05 21:31:23.926 [info] > git for-each-ref --sort -committerdate --format %(refname) %(objectname) %(*objectname) [3ms]
2024-10-05 21:31:24.238 [info] > git status -z -uall [324ms]
2024-10-05 21:31:29.327 [info] > git config --get commit.template [6ms]
2024-10-05 21:31:29.330 [info] > git for-each-ref --format=%(refname)%00%(upstream:short)%00%(objectname)%00%(upstream:track)%00%(upstream:remotename)%00%(upstream:remoteref) refs/heads/main refs/remotes/main [4ms]
2024-10-05 21:31:29.337 [warning] [Git][revParse] Unable to read file: ENOENT: no such file or directory, open '/home/yonatancarrillo/.git/refs/remotes/origin/main'
2024-10-05 21:31:29.339 [info] > git rev-parse refs/remotes/origin/main [2ms]
2024-10-05 21:31:29.351 [info] > git for-each-ref --sort -committerdate --format %(refname) %(objectname) %(*objectname) [3ms]
2024-10-05 21:31:29.574 [info] > git status -z -uall [231ms]
2024-10-05 21:31:34.666 [info] > git config --get commit.template [4ms]
2024-10-05 21:31:34.668 [info] > git for-each-ref --format=%(refname)%00%(upstream:short)%00%(objectname)%00%(upstream:track)%00%(upstream:remotename)%00%(upstream:remoteref) refs/heads/main refs/remotes/main [2ms]
2024-10-05 21:31:34.672 [warning] [Git][revParse] Unable to read file: ENOENT: no such file or directory, open '/home/yonatancarrillo/.git/refs/remotes/origin/main'
2024-10-05 21:31:34.674 [info] > git rev-parse refs/remotes/origin/main [2ms]
2024-10-05 21:31:34.688 [info] > git for-each-ref --sort -committerdate --format %(refname) %(objectname) %(*objectname) [5ms]
2024-10-05 21:31:34.882 [info] > git status -z -uall [203ms]
2024-10-05 21:31:39.966 [info] > git config --get commit.template [6ms]
2024-10-05 21:31:39.968 [info] > git for-each-ref --format=%(refname)%00%(upstream:short)%00%(objectname)%00%(upstream:track)%00%(upstream:remotename)%00%(upstream:remoteref) refs/heads/main refs/remotes/main [3ms]
2024-10-05 21:31:39.971 [warning] [Git][revParse] Unable to read file: ENOENT: no such file or directory, open '/home/yonatancarrillo/.git/refs/remotes/origin/main'
2024-10-05 21:31:39.973 [info] > git rev-parse refs/remotes/origin/main [2ms]
2024-10-05 21:31:39.984 [info] > git for-each-ref --sort -committerdate --format %(refname) %(objectname) %(*objectname) [3ms]
2024-10-05 21:31:40.177 [info] > git status -z -uall [201ms]
2024-10-05 21:31:45.278 [info] > git config --get commit.template [6ms]
2024-10-05 21:31:45.280 [info] > git for-each-ref --format=%(refname)%00%(upstream:short)%00%(objectname)%00%(upstream:track)%00%(upstream:remotename)%00%(upstream:remoteref) refs/heads/main refs/remotes/main [3ms]
2024-10-05 21:31:45.284 [warning] [Git][revParse] Unable to read file: ENOENT: no such file or directory, open '/home/yonatancarrillo/.git/refs/remotes/origin/main'
2024-10-05 21:31:45.286 [info] > git rev-parse refs/remotes/origin/main [2ms]
2024-10-05 21:31:45.303 [info] > git for-each-ref --sort -committerdate --format %(refname) %(objectname) %(*objectname) [5ms]
2024-10-05 21:31:45.492 [info] > git status -z -uall [201ms]
2024-10-05 21:31:50.584 [info] > git config --get commit.template [6ms]
2024-10-05 21:31:50.586 [info] > git for-each-ref --format=%(refname)%00%(upstream:short)%00%(objectname)%00%(upstream:track)%00%(upstream:remotename)%00%(upstream:remoteref) refs/heads/main refs/remotes/main [3ms]
2024-10-05 21:31:50.589 [warning] [Git][revParse] Unable to read file: ENOENT: no such file or directory, open '/home/yonatancarrillo/.git/refs/remotes/origin/main'
2024-10-05 21:31:50.591 [info] > git rev-parse refs/remotes/origin/main [2ms]
2024-10-05 21:31:50.603 [info] > git for-each-ref --sort -committerdate --format %(refname) %(objectname) %(*objectname) [4ms]
2024-10-05 21:31:50.813 [info] > git status -z -uall [218ms]
2024-10-05 21:31:56.235 [info] > git config --get commit.template [6ms]
2024-10-05 21:31:56.238 [info] > git for-each-ref --format=%(refname)%00%(upstream:short)%00%(objectname)%00%(upstream:track)%00%(upstream:remotename)%00%(upstream:remoteref) refs/heads/main refs/remotes/main [3ms]
2024-10-05 21:31:56.245 [warning] [Git][revParse] Unable to read file: ENOENT: no such file or directory, open '/home/yonatancarrillo/.git/refs/remotes/origin/main'
2024-10-05 21:31:56.247 [info] > git rev-parse refs/remotes/origin/main [2ms]
2024-10-05 21:31:56.270 [info] > git for-each-ref --sort -committerdate --format %(refname) %(objectname) %(*objectname) [9ms]
2024-10-05 21:31:56.481 [info] > git status -z -uall [228ms]
2024-10-05 21:32:01.565 [info] > git config --get commit.template [6ms]
2024-10-05 21:32:01.567 [info] > git for-each-ref --format=%(refname)%00%(upstream:short)%00%(objectname)%00%(upstream:track)%00%(upstream:remotename)%00%(upstream:remoteref) refs/heads/main refs/remotes/main [3ms]
2024-10-05 21:32:01.571 [warning] [Git][revParse] Unable to read file: ENOENT: no such file or directory, open '/home/yonatancarrillo/.git/refs/remotes/origin/main'
2024-10-05 21:32:01.572 [info] > git rev-parse refs/remotes/origin/main [1ms]
2024-10-05 21:32:01.586 [info] > git for-each-ref --sort -committerdate --format %(refname) %(objectname) %(*objectname) [5ms]
2024-10-05 21:32:01.793 [info] > git status -z -uall [217ms]
2024-10-05 21:32:06.874 [info] > git config --get commit.template [5ms]
2024-10-05 21:32:06.877 [info] > git for-each-ref --format=%(refname)%00%(upstream:short)%00%(objectname)%00%(upstream:track)%00%(upstream:remotename)%00%(upstream:remoteref) refs/heads/main refs/remotes/main [2ms]
2024-10-05 21:32:06.880 [warning] [Git][revParse] Unable to read file: ENOENT: no such file or directory, open '/home/yonatancarrillo/.git/refs/remotes/origin/main'
2024-10-05 21:32:06.882 [info] > git rev-parse refs/remotes/origin/main [2ms]
2024-10-05 21:32:06.895 [info] > git for-each-ref --sort -committerdate --format %(refname) %(objectname) %(*objectname) [3ms]
2024-10-05 21:32:07.097 [info] > git status -z -uall [212ms]
2024-10-05 21:32:09.294 [info] > git show --textconv :portafolio-personal/introduccion/javascript/estilos.css [13ms]
2024-10-05 21:32:09.296 [info] > git ls-files --stage -- /home/yonatancarrillo/portafolio-personal/introduccion/javascript/estilos.css [9ms]
2024-10-05 21:32:09.566 [info] > git check-ignore -v -z --stdin [30ms]
2024-10-05 21:32:12.186 [info] > git config --get commit.template [7ms]
2024-10-05 21:32:12.187 [info] > git for-each-ref --format=%(refname)%00%(upstream:short)%00%(objectname)%00%(upstream:track)%00%(upstream:remotename)%00%(upstream:remoteref) refs/heads/main refs/remotes/main [2ms]
2024-10-05 21:32:12.190 [warning] [Git][revParse] Unable to read file: ENOENT: no such file or directory, open '/home/yonatancarrillo/.git/refs/remotes/origin/main'
2024-10-05 21:32:12.192 [info] > git rev-parse refs/remotes/origin/main [2ms]
2024-10-05 21:32:12.211 [info] > git for-each-ref --sort -committerdate --format %(refname) %(objectname) %(*objectname) [9ms]
2024-10-05 21:32:12.404 [info] > git status -z -uall [209ms]
2024-10-05 21:32:17.498 [info] > git config --get commit.template [6ms]
2024-10-05 21:32:17.501 [info] > git for-each-ref --format=%(refname)%00%(upstream:short)%00%(objectname)%00%(upstream:track)%00%(upstream:remotename)%00%(upstream:remoteref) refs/heads/main refs/remotes/main [3ms]
2024-10-05 21:32:17.506 [warning] [Git][revParse] Unable to read file: ENOENT: no such file or directory, open '/home/yonatancarrillo/.git/refs/remotes/origin/main'
2024-10-05 21:32:17.507 [info] > git rev-parse refs/remotes/origin/main [1ms]
2024-10-05 21:32:17.521 [info] > git for-each-ref --sort -committerdate --format %(refname) %(objectname) %(*objectname) [0ms]
2024-10-05 21:32:17.721 [info] > git status -z -uall [210ms]
2024-10-05 21:32:22.807 [info] > git config --get commit.template [5ms]
2024-10-05 21:32:22.808 [info] > git for-each-ref --format=%(refname)%00%(upstream:short)%00%(objectname)%00%(upstream:track)%00%(upstream:remotename)%00%(upstream:remoteref) refs/heads/main refs/remotes/main [3ms]
2024-10-05 21:32:22.812 [warning] [Git][revParse] Unable to read file: ENOENT: no such file or directory, open '/home/yonatancarrillo/.git/refs/remotes/origin/main'
2024-10-05 21:32:22.814 [info] > git rev-parse refs/remotes/origin/main [2ms]
2024-10-05 21:32:22.826 [info] > git for-each-ref --sort -committerdate --format %(refname) %(objectname) %(*objectname) [4ms]
2024-10-05 21:32:23.023 [info] > git status -z -uall [204ms]
2024-10-05 21:32:28.111 [info] > git config --get commit.template [6ms]
2024-10-05 21:32:28.113 [info] > git for-each-ref --format=%(refname)%00%(upstream:short)%00%(objectname)%00%(upstream:track)%00%(upstream:remotename)%00%(upstream:remoteref) refs/heads/main refs/remotes/main [3ms]
2024-10-05 21:32:28.117 [warning] [Git][revParse] Unable to read file: ENOENT: no such file or directory, open '/home/yonatancarrillo/.git/refs/remotes/origin/main'
2024-10-05 21:32:28.118 [info] > git rev-parse refs/remotes/origin/main [2ms]
2024-10-05 21:32:28.129 [info] > git for-each-ref --sort -committerdate --format %(refname) %(objectname) %(*objectname) [3ms]
2024-10-05 21:32:28.321 [info] > git status -z -uall [200ms]
2024-10-05 21:32:30.113 [info] > git check-ignore -v -z --stdin [42ms]
2024-10-05 21:32:30.115 [info] > git show --textconv :portafolio-personal/introduccion/javascript/arreglos.js [21ms]
2024-10-05 21:32:30.121 [info] > git ls-files --stage -- /home/yonatancarrillo/portafolio-personal/introduccion/javascript/arreglos.js [17ms]
2024-10-05 21:33:08.927 [info] > git config --get commit.template [4ms]
2024-10-05 21:33:08.956 [info] > git for-each-ref --format=%(refname)%00%(upstream:short)%00%(objectname)%00%(upstream:track)%00%(upstream:remotename)%00%(upstream:remoteref) refs/heads/main refs/remotes/main [17ms]
2024-10-05 21:33:08.971 [warning] [Git][revParse] Unable to read file: ENOENT: no such file or directory, open '/home/yonatancarrillo/.git/refs/remotes/origin/main'
2024-10-05 21:33:08.972 [info] > git rev-parse refs/remotes/origin/main [4ms]
2024-10-05 21:33:08.992 [info] > git for-each-ref --sort -committerdate --format %(refname) %(objectname) %(*objectname) [7ms]
2024-10-05 21:33:09.293 [info] > git status -z -uall [314ms]
2024-10-05 21:33:10.785 [info] > git show --textconv :portafolio-personal/introduccion/javascript/estilos.css [8ms]
2024-10-05 21:33:10.789 [info] > git ls-files --stage -- /home/yonatancarrillo/portafolio-personal/introduccion/javascript/estilos.css [6ms]
2024-10-05 21:33:14.420 [info] > git config --get commit.template [8ms]
2024-10-05 21:33:14.423 [info] > git for-each-ref --format=%(refname)%00%(upstream:short)%00%(objectname)%00%(upstream:track)%00%(upstream:remotename)%00%(upstream:remoteref) refs/heads/main refs/remotes/main [4ms]
2024-10-05 21:33:14.429 [warning] [Git][revParse] Unable to read file: ENOENT: no such file or directory, open '/home/yonatancarrillo/.git/refs/remotes/origin/main'
2024-10-05 21:33:14.430 [info] > git rev-parse refs/remotes/origin/main [2ms]
2024-10-05 21:33:14.463 [info] > git for-each-ref --sort -committerdate --format %(refname) %(objectname) %(*objectname) [2ms]
2024-10-05 21:33:14.871 [info] > git status -z -uall [436ms]
2024-10-05 21:33:19.926 [info] > git fetch [600ms]
2024-10-05 21:33:19.926 [info] Missing or invalid credentials.
Skip silent fetch commands
Host key verification failed.
fatal: Could not read from remote repository.

Please make sure you have the correct access rights
and the repository exists.
2024-10-05 21:33:19.937 [info] > git config --get commit.template [5ms]
2024-10-05 21:33:19.938 [info] > git for-each-ref --format=%(refname)%00%(upstream:short)%00%(objectname)%00%(upstream:track)%00%(upstream:remotename)%00%(upstream:remoteref) refs/heads/main refs/remotes/main [3ms]
2024-10-05 21:33:19.942 [warning] [Git][revParse] Unable to read file: ENOENT: no such file or directory, open '/home/yonatancarrillo/.git/refs/remotes/origin/main'
2024-10-05 21:33:19.943 [info] > git rev-parse refs/remotes/origin/main [2ms]
2024-10-05 21:33:19.962 [info] > git for-each-ref --sort -committerdate --format %(refname) %(objectname) %(*objectname) [8ms]
2024-10-05 21:33:20.158 [info] > git status -z -uall [211ms]
2024-10-05 21:33:20.244 [info] > git config --get commit.template [8ms]
2024-10-05 21:33:20.256 [info] > git for-each-ref --format=%(refname)%00%(upstream:short)%00%(objectname)%00%(upstream:track)%00%(upstream:remotename)%00%(upstream:remoteref) refs/heads/main refs/remotes/main [2ms]
2024-10-05 21:33:20.260 [warning] [Git][revParse] Unable to read file: ENOENT: no such file or directory, open '/home/yonatancarrillo/.git/refs/remotes/origin/main'
2024-10-05 21:33:20.261 [info] > git rev-parse refs/remotes/origin/main [1ms]
2024-10-05 21:33:21.455 [info] > git for-each-ref --sort -committerdate --format %(refname) %(objectname) %(*objectname) [1180ms]
2024-10-05 21:33:21.460 [info] > git status -z -uall [1195ms]
2024-10-05 21:33:21.571 [info] > git ls-files --stage -- /home/yonatancarrillo/portafolio-personal/introduccion/javascript/estilos.css [7ms]
2024-10-05 21:33:22.417 [info] > git show --textconv :portafolio-personal/introduccion/javascript/estilos.css [830ms]
2024-10-05 21:33:41.332 [info] > git config --get commit.template [11ms]
2024-10-05 21:33:41.335 [info] > git for-each-ref --format=%(refname)%00%(upstream:short)%00%(objectname)%00%(upstream:track)%00%(upstream:remotename)%00%(upstream:remoteref) refs/heads/main refs/remotes/main [4ms]
2024-10-05 21:33:41.351 [warning] [Git][revParse] Unable to read file: ENOENT: no such file or directory, open '/home/yonatancarrillo/.git/refs/remotes/origin/main'
2024-10-05 21:33:41.354 [info] > git rev-parse refs/remotes/origin/main [3ms]
2024-10-05 21:33:41.378 [info] > git for-each-ref --sort -committerdate --format %(refname) %(objectname) %(*objectname) [4ms]
2024-10-05 21:33:41.588 [info] > git status -z -uall [221ms]
2024-10-05 21:33:43.377 [info] > git show --textconv :portafolio-personal/introduccion/javascript/arreglos.js [8ms]
2024-10-05 21:33:43.384 [info] > git ls-files --stage -- /home/yonatancarrillo/portafolio-personal/introduccion/javascript/arreglos.js [8ms]
2024-10-05 21:33:46.710 [info] > git config --get commit.template [6ms]
2024-10-05 21:33:46.711 [info] > git for-each-ref --format=%(refname)%00%(upstream:short)%00%(objectname)%00%(upstream:track)%00%(upstream:remotename)%00%(upstream:remoteref) refs/heads/main refs/remotes/main [2ms]
2024-10-05 21:33:46.715 [warning] [Git][revParse] Unable to read file: ENOENT: no such file or directory, open '/home/yonatancarrillo/.git/refs/remotes/origin/main'
2024-10-05 21:33:46.717 [info] > git rev-parse refs/remotes/origin/main [2ms]
2024-10-05 21:33:46.733 [info] > git for-each-ref --sort -committerdate --format %(refname) %(objectname) %(*objectname) [6ms]
2024-10-05 21:33:46.968 [info] > git status -z -uall [247ms]
2024-10-05 21:33:48.999 [info] > git show --textconv :portafolio-personal/introduccion/javascript/index.html [6ms]
2024-10-05 21:33:49.004 [info] > git ls-files --stage -- /home/yonatancarrillo/portafolio-personal/introduccion/javascript/index.html [6ms]
2024-10-05 21:33:52.069 [info] > git config --get commit.template [7ms]
2024-10-05 21:33:52.072 [info] > git for-each-ref --format=%(refname)%00%(upstream:short)%00%(objectname)%00%(upstream:track)%00%(upstream:remotename)%00%(upstream:remoteref) refs/heads/main refs/remotes/main [4ms]
2024-10-05 21:33:52.078 [warning] [Git][revParse] Unable to read file: ENOENT: no such file or directory, open '/home/yonatancarrillo/.git/refs/remotes/origin/main'
2024-10-05 21:33:52.079 [info] > git rev-parse refs/remotes/origin/main [1ms]
2024-10-05 21:33:52.098 [info] > git for-each-ref --sort -committerdate --format %(refname) %(objectname) %(*objectname) [10ms]
2024-10-05 21:33:52.298 [info] > git status -z -uall [216ms]
2024-10-05 21:33:57.389 [info] > git config --get commit.template [6ms]
2024-10-05 21:33:57.391 [info] > git for-each-ref --format=%(refname)%00%(upstream:short)%00%(objectname)%00%(upstream:track)%00%(upstream:remotename)%00%(upstream:remoteref) refs/heads/main refs/remotes/main [3ms]
2024-10-05 21:33:57.396 [warning] [Git][revParse] Unable to read file: ENOENT: no such file or directory, open '/home/yonatancarrillo/.git/refs/remotes/origin/main'
2024-10-05 21:33:57.398 [info] > git rev-parse refs/remotes/origin/main [2ms]
2024-10-05 21:33:57.421 [info] > git for-each-ref --sort -committerdate --format %(refname) %(objectname) %(*objectname) [8ms]
2024-10-05 21:33:57.613 [info] > git status -z -uall [210ms]
2024-10-05 21:34:02.707 [info] > git config --get commit.template [7ms]
2024-10-05 21:34:02.711 [info] > git for-each-ref --format=%(refname)%00%(upstream:short)%00%(objectname)%00%(upstream:track)%00%(upstream:remotename)%00%(upstream:remoteref) refs/heads/main refs/remotes/main [5ms]
2024-10-05 21:34:02.714 [warning] [Git][revParse] Unable to read file: ENOENT: no such file or directory, open '/home/yonatancarrillo/.git/refs/remotes/origin/main'
2024-10-05 21:34:02.716 [info] > git rev-parse refs/remotes/origin/main [2ms]
2024-10-05 21:34:02.730 [info] > git for-each-ref --sort -committerdate --format %(refname) %(objectname) %(*objectname) [3ms]
2024-10-05 21:34:02.951 [info] > git status -z -uall [230ms]
2024-10-05 21:34:08.105 [info] > git config --get commit.template [6ms]
2024-10-05 21:34:08.107 [info] > git for-each-ref --format=%(refname)%00%(upstream:short)%00%(objectname)%00%(upstream:track)%00%(upstream:remotename)%00%(upstream:remoteref) refs/heads/main refs/remotes/main [3ms]
2024-10-05 21:34:08.114 [warning] [Git][revParse] Unable to read file: ENOENT: no such file or directory, open '/home/yonatancarrillo/.git/refs/remotes/origin/main'
2024-10-05 21:34:08.116 [info] > git rev-parse refs/remotes/origin/main [1ms]
2024-10-05 21:34:08.137 [info] > git for-each-ref --sort -committerdate --format %(refname) %(objectname) %(*objectname) [11ms]
2024-10-05 21:34:08.327 [info] > git status -z -uall [208ms]
2024-10-05 21:34:13.421 [info] > git config --get commit.template [11ms]
2024-10-05 21:34:13.426 [info] > git for-each-ref --format=%(refname)%00%(upstream:short)%00%(objectname)%00%(upstream:track)%00%(upstream:remotename)%00%(upstream:remoteref) refs/heads/main refs/remotes/main [6ms]
2024-10-05 21:34:13.433 [warning] [Git][revParse] Unable to read file: ENOENT: no such file or directory, open '/home/yonatancarrillo/.git/refs/remotes/origin/main'
2024-10-05 21:34:13.439 [info] > git rev-parse refs/remotes/origin/main [6ms]
2024-10-05 21:34:13.462 [info] > git for-each-ref --sort -committerdate --format %(refname) %(objectname) %(*objectname) [5ms]
2024-10-05 21:34:13.738 [info] > git status -z -uall [289ms]
2024-10-05 21:34:18.863 [info] > git config --get commit.template [7ms]
2024-10-05 21:34:18.865 [info] > git for-each-ref --format=%(refname)%00%(upstream:short)%00%(objectname)%00%(upstream:track)%00%(upstream:remotename)%00%(upstream:remoteref) refs/heads/main refs/remotes/main [4ms]
2024-10-05 21:34:18.869 [warning] [Git][revParse] Unable to read file: ENOENT: no such file or directory, open '/home/yonatancarrillo/.git/refs/remotes/origin/main'
2024-10-05 21:34:18.870 [info] > git rev-parse refs/remotes/origin/main [1ms]
2024-10-05 21:34:18.887 [info] > git for-each-ref --sort -committerdate --format %(refname) %(objectname) %(*objectname) [8ms]
2024-10-05 21:34:19.113 [info] > git status -z -uall [240ms]
2024-10-05 21:34:24.207 [info] > git config --get commit.template [3ms]
2024-10-05 21:34:24.213 [info] > git for-each-ref --format=%(refname)%00%(upstream:short)%00%(objectname)%00%(upstream:track)%00%(upstream:remotename)%00%(upstream:remoteref) refs/heads/main refs/remotes/main [2ms]
2024-10-05 21:34:24.218 [warning] [Git][revParse] Unable to read file: ENOENT: no such file or directory, open '/home/yonatancarrillo/.git/refs/remotes/origin/main'
2024-10-05 21:34:24.220 [info] > git rev-parse refs/remotes/origin/main [2ms]
2024-10-05 21:34:24.232 [info] > git for-each-ref --sort -committerdate --format %(refname) %(objectname) %(*objectname) [1ms]
2024-10-05 21:34:24.465 [info] > git status -z -uall [241ms]
2024-10-05 21:34:44.902 [info] > git config --get commit.template [2ms]
2024-10-05 21:34:44.929 [info] > git for-each-ref --format=%(refname)%00%(upstream:short)%00%(objectname)%00%(upstream:track)%00%(upstream:remotename)%00%(upstream:remoteref) refs/heads/main refs/remotes/main [7ms]
2024-10-05 21:34:44.942 [warning] [Git][revParse] Unable to read file: ENOENT: no such file or directory, open '/home/yonatancarrillo/.git/refs/remotes/origin/main'
2024-10-05 21:34:44.946 [info] > git rev-parse refs/remotes/origin/main [3ms]
2024-10-05 21:34:44.968 [info] > git for-each-ref --sort -committerdate --format %(refname) %(objectname) %(*objectname) [5ms]
2024-10-05 21:34:45.414 [info] > git status -z -uall [461ms] (cancelled)
2024-10-05 21:34:47.196 [info] > git show --textconv :portafolio-personal/introduccion/javascript/index.html [7ms]
2024-10-05 21:34:47.205 [info] > git ls-files --stage -- /home/yonatancarrillo/portafolio-personal/introduccion/javascript/index.html [10ms]
2024-10-05 22:01:39.172 [info] > git show --textconv :portafolio-personal/introduccion/javascript/operadores.js [20ms]
2024-10-05 22:01:39.172 [info] > git ls-files --stage -- /home/yonatancarrillo/portafolio-personal/introduccion/javascript/operadores.js [11ms]
2024-10-05 22:01:39.460 [info] > git check-ignore -v -z --stdin [54ms]
2024-10-05 22:01:58.967 [info] > git show --textconv :portafolio-personal/introduccion/javascript/index.html [7ms]
2024-10-05 22:01:58.972 [info] > git ls-files --stage -- /home/yonatancarrillo/portafolio-personal/introduccion/javascript/index.html [6ms]
2024-10-05 22:02:52.977 [info] > git show --textconv :portafolio-personal/introduccion/javascript/operadores.js [20ms]
2024-10-05 22:02:52.986 [info] > git ls-files --stage -- /home/yonatancarrillo/portafolio-personal/introduccion/javascript/operadores.js [21ms]
2024-10-05 22:13:39.105 [info] > git show --textconv :portafolio-personal/introduccion/javascript/operadoreslogiscos.js [11ms]
2024-10-05 22:13:39.110 [info] > git ls-files --stage -- /home/yonatancarrillo/portafolio-personal/introduccion/javascript/operadoreslogiscos.js [7ms]
2024-10-05 22:13:39.370 [info] > git check-ignore -v -z --stdin [7ms]
2024-10-05 22:24:29.527 [info] > git show --textconv :portafolio-personal/introduccion/javascript/index.html [7ms]
2024-10-05 22:24:29.531 [info] > git ls-files --stage -- /home/yonatancarrillo/portafolio-personal/introduccion/javascript/index.html [6ms]
2024-10-05 22:25:42.651 [info] > git show --textconv :portafolio-personal/introduccion/javascript/operadoreslogiscos.js [10ms]
2024-10-05 22:25:42.663 [info] > git ls-files --stage -- /home/yonatancarrillo/portafolio-personal/introduccion/javascript/operadoreslogiscos.js [14ms]
2024-10-05 22:28:46.657 [info] > git show --textconv :portafolio-personal/introduccion/javascript/operadores.js [14ms]
2024-10-05 22:28:46.670 [info] > git ls-files --stage -- /home/yonatancarrillo/portafolio-personal/introduccion/javascript/operadores.js [17ms]
2024-10-05 22:33:04.246 [info] > git show --textconv :portafolio-personal/introduccion/javascript/operadoreslogiscos.js [9ms]
2024-10-05 22:33:04.253 [info] > git ls-files --stage -- /home/yonatancarrillo/portafolio-personal/introduccion/javascript/operadoreslogiscos.js [8ms]
