2024-10-23 20:49:49.000 [info] [main] Log level: Info
2024-10-23 20:49:49.000 [info] [main] Validating found git in: "git"
2024-10-23 20:49:49.000 [info] [main] Using git "2.47.0" from "git"
2024-10-23 20:49:49.000 [info] [Model][doInitialScan] Initial repository scan started
2024-10-23 20:49:49.000 [info] > git rev-parse --show-toplevel [18ms]
2024-10-23 20:49:49.000 [info] > git rev-parse --git-dir --git-common-dir [6ms]
2024-10-23 20:49:49.000 [info] [Model][openRepository] Opened repository: /home/yonatancarrillo
2024-10-23 20:49:49.070 [info] > git rev-parse --show-toplevel [184ms]
2024-10-23 20:49:49.071 [info] > git config --get commit.template [191ms]
2024-10-23 20:49:49.155 [info] > git rev-parse --git-dir --git-common-dir [76ms]
2024-10-23 20:49:49.176 [info] [Model][openRepository] Opened repository: /home/yonatancarrillo/portafolio-personal/javarcritp-completo/javascript_desde_cero
2024-10-23 20:49:49.194 [info] [Model][doInitialScan] Initial repository scan completed - repositories (2), closed repositories (0), parent repositories (0), unsafe repositories (0)
2024-10-23 20:49:49.211 [info] > git for-each-ref --format=%(refname)%00%(upstream:short)%00%(objectname)%00%(upstream:track)%00%(upstream:remotename)%00%(upstream:remoteref) refs/heads/main refs/remotes/main [79ms]
2024-10-23 20:49:49.236 [warning] [Git][revParse] Unable to read file: ENOENT: no such file or directory, open '/home/yonatancarrillo/.git/refs/remotes/origin/main'
2024-10-23 20:49:49.248 [info] > git config --get commit.template [38ms]
2024-10-23 20:49:49.252 [info] > git rev-parse refs/remotes/origin/main [16ms]
2024-10-23 20:49:49.302 [info] > git for-each-ref --format=%(refname)%00%(upstream:short)%00%(objectname)%00%(upstream:track)%00%(upstream:remotename)%00%(upstream:remoteref) refs/heads/main refs/remotes/main [8ms]
2024-10-23 20:49:49.303 [info] > git for-each-ref --sort -committerdate --format %(refname) %(objectname) %(*objectname) [20ms]
2024-10-23 20:49:49.319 [info] > git status -z -uall [8ms]
2024-10-23 20:49:49.336 [info] > git for-each-ref --sort -committerdate --format %(refname) %(objectname) %(*objectname) [19ms]
2024-10-23 20:49:49.360 [info] > git for-each-ref --format=%(refname)%00%(upstream:short)%00%(objectname)%00%(upstream:track)%00%(upstream:remotename)%00%(upstream:remoteref) refs/heads/main refs/remotes/main [12ms]
2024-10-23 20:49:49.380 [info] > git config --local branch.main.vscode-merge-base [6ms]
2024-10-23 20:49:49.380 [warning] [Git][config] git config failed: Failed to execute git
2024-10-23 20:49:49.387 [info] > git config --get commit.template [28ms]
2024-10-23 20:49:49.391 [info] > git reflog main --grep-reflog=branch: Created from *. [5ms]
2024-10-23 20:49:49.398 [info] > git symbolic-ref --short refs/remotes/origin/HEAD [1ms]
2024-10-23 20:49:49.398 [info] fatal: ref refs/remotes/origin/HEAD is not a symbolic ref
2024-10-23 20:49:49.398 [warning] [Repository][getDefaultBranch] Failed to get default branch details: Failed to execute git.
2024-10-23 20:49:49.421 [info] > git merge-base refs/heads/main refs/remotes/origin/main [17ms]
2024-10-23 20:49:49.426 [info] > git for-each-ref --format=%(refname)%00%(upstream:short)%00%(objectname)%00%(upstream:track)%00%(upstream:remotename)%00%(upstream:remoteref) refs/heads/main refs/remotes/main [36ms]
2024-10-23 20:49:49.428 [info] > git diff --name-status -z --diff-filter=ADMR 5faab9439b624bf9385c7f3819fe64419964ecd2...refs/remotes/origin/main [3ms]
2024-10-23 20:49:49.459 [info] > git status -z -uall [17ms]
2024-10-23 20:49:49.460 [info] > git for-each-ref --sort -committerdate --format %(refname) %(objectname) %(*objectname) [11ms]
2024-10-23 20:49:49.712 [info] > git fetch [857ms]
2024-10-23 20:49:49.712 [info] Missing or invalid credentials.
Skip silent fetch commands
git@github.com: Permission denied (publickey).
fatal: Could not read from remote repository.

Please make sure you have the correct access rights
and the repository exists.
2024-10-23 20:49:49.737 [info] > git status -z -uall [472ms] (cancelled)
2024-10-23 20:49:49.740 [info] > git config --get commit.template [3ms]
2024-10-23 20:49:49.740 [info] > git config --get commit.template [17ms]
2024-10-23 20:49:49.741 [info] > git for-each-ref --format=%(refname)%00%(upstream:short)%00%(objectname)%00%(upstream:track)%00%(upstream:remotename)%00%(upstream:remoteref) refs/heads/main refs/remotes/main [24ms]
2024-10-23 20:49:49.780 [info] > git config --local branch.main.vscode-merge-base [33ms]
2024-10-23 20:49:49.780 [warning] [Git][config] git config failed: Failed to execute git
2024-10-23 20:49:49.803 [info] > git check-ignore -v -z --stdin [46ms]
2024-10-23 20:49:49.804 [info] > git check-ignore -v -z --stdin [34ms]
2024-10-23 20:49:49.805 [info] > git reflog main --grep-reflog=branch: Created from *. [13ms]
2024-10-23 20:49:49.814 [info] > git for-each-ref --format=%(refname)%00%(upstream:short)%00%(objectname)%00%(upstream:track)%00%(upstream:remotename)%00%(upstream:remoteref) refs/heads/main refs/remotes/main [10ms]
2024-10-23 20:49:49.821 [info] > git for-each-ref --format=%(refname)%00%(upstream:short)%00%(objectname)%00%(upstream:track)%00%(upstream:remotename)%00%(upstream:remoteref) refs/heads/main refs/remotes/main [23ms]
2024-10-23 20:49:49.825 [warning] [Git][revParse] Unable to read file: ENOENT: no such file or directory, open '/home/yonatancarrillo/.git/refs/remotes/origin/main'
2024-10-23 20:49:49.840 [warning] [Git][revParse] Unable to read file: ENOENT: no such file or directory, open '/home/yonatancarrillo/.git/refs/remotes/origin/main'
2024-10-23 20:49:49.841 [info] > git symbolic-ref --short refs/remotes/origin/HEAD [33ms]
2024-10-23 20:49:49.841 [info] fatal: ref refs/remotes/origin/HEAD is not a symbolic ref
2024-10-23 20:49:49.841 [warning] [Repository][getDefaultBranch] Failed to get default branch details: Failed to execute git.
2024-10-23 20:49:49.856 [info] > git merge-base refs/heads/main refs/remotes/origin/main [4ms]
2024-10-23 20:49:49.861 [info] > git rev-parse refs/remotes/origin/main [33ms]
2024-10-23 20:49:49.875 [info] > git rev-parse refs/remotes/origin/main [50ms]
2024-10-23 20:49:49.895 [info] > git merge-base refs/heads/main refs/remotes/origin/main [22ms]
2024-10-23 20:49:49.910 [info] > git diff --name-status -z --diff-filter=ADMR 49e58478b4d04713056e6d6b8c3c8eab88ffeca5...refs/remotes/origin/main [49ms]
2024-10-23 20:49:49.911 [info] > git fetch [736ms]
2024-10-23 20:49:49.911 [info] Missing or invalid credentials.
Skip silent fetch commands
Missing or invalid credentials.
Skip silent fetch commands
remote: Repository not found.
fatal: Authentication failed for 'https://github.com/ymcarrillom/javascript_desde_cero.git/'
2024-10-23 20:49:49.938 [info] > git for-each-ref --sort -committerdate --format %(refname) %(objectname) %(*objectname) [46ms]
2024-10-23 20:49:49.940 [info] > git config --get commit.template [20ms]
2024-10-23 20:49:49.940 [info] > git diff --name-status -z --diff-filter=ADMR 49e58478b4d04713056e6d6b8c3c8eab88ffeca5...refs/remotes/origin/main [31ms]
2024-10-23 20:49:49.955 [info] > git for-each-ref --format=%(refname)%00%(upstream:short)%00%(objectname)%00%(upstream:track)%00%(upstream:remotename)%00%(upstream:remoteref) refs/heads/main refs/remotes/main [11ms]
2024-10-23 20:49:49.982 [info] > git status -z -uall [8ms]
2024-10-23 20:49:49.987 [info] > git for-each-ref --sort -committerdate --format %(refname) %(objectname) %(*objectname) [7ms]
2024-10-23 20:49:51.667 [info] > git status -z -uall [1779ms]
2024-10-23 20:50:15.942 [info] > git check-ignore -v -z --stdin [23ms]
2024-10-23 20:50:22.540 [info] > git log --format=%H%n%aN%n%aE%n%at%n%ct%n%P%n%D%n%B -z --shortstat --diff-merges=first-parent -n50 --skip=0 --topo-order --decorate=full --stdin [7238ms]
2024-10-23 20:50:33.506 [info] > git add -A -- /home/yonatancarrillo/.npm/_cacache/index-v5/05/f2/5efeceaf581d5b606bdafad32623ddd75352cb1942290a9cd93d48923be6 [52ms]
2024-10-23 20:50:33.521 [info] > git config --get commit.template [5ms]
2024-10-23 20:50:33.521 [info] > git for-each-ref --format=%(refname)%00%(upstream:short)%00%(objectname)%00%(upstream:track)%00%(upstream:remotename)%00%(upstream:remoteref) refs/heads/main refs/remotes/main [3ms]
2024-10-23 20:50:33.525 [warning] [Git][revParse] Unable to read file: ENOENT: no such file or directory, open '/home/yonatancarrillo/.git/refs/remotes/origin/main'
2024-10-23 20:50:33.526 [info] > git rev-parse refs/remotes/origin/main [2ms]
2024-10-23 20:50:33.556 [info] > git for-each-ref --sort -committerdate --format %(refname) %(objectname) %(*objectname) [12ms]
2024-10-23 20:50:33.848 [info] > git status -z -uall [313ms]
2024-10-23 20:50:38.780 [info] > git add -A -- /home/yonatancarrillo/.npm/_logs/2024-10-20T14_20_50_509Z-debug-0.log [40ms]
2024-10-23 20:50:38.794 [info] > git config --get commit.template [6ms]
2024-10-23 20:50:38.797 [info] > git for-each-ref --format=%(refname)%00%(upstream:short)%00%(objectname)%00%(upstream:track)%00%(upstream:remotename)%00%(upstream:remoteref) refs/heads/main refs/remotes/main [4ms]
2024-10-23 20:50:38.801 [warning] [Git][revParse] Unable to read file: ENOENT: no such file or directory, open '/home/yonatancarrillo/.git/refs/remotes/origin/main'
2024-10-23 20:50:38.802 [info] > git rev-parse refs/remotes/origin/main [2ms]
2024-10-23 20:50:38.818 [info] > git for-each-ref --sort -committerdate --format %(refname) %(objectname) %(*objectname) [3ms]
2024-10-23 20:50:39.137 [info] > git status -z -uall [330ms]
2024-10-23 20:50:41.010 [info] > git add -A -- /home/yonatancarrillo/.npm/_logs/2024-10-20T14_27_33_682Z-debug-0.log [45ms]
2024-10-23 20:50:41.023 [info] > git config --get commit.template [4ms]
2024-10-23 20:50:41.024 [info] > git for-each-ref --format=%(refname)%00%(upstream:short)%00%(objectname)%00%(upstream:track)%00%(upstream:remotename)%00%(upstream:remoteref) refs/heads/main refs/remotes/main [2ms]
2024-10-23 20:50:41.028 [warning] [Git][revParse] Unable to read file: ENOENT: no such file or directory, open '/home/yonatancarrillo/.git/refs/remotes/origin/main'
2024-10-23 20:50:41.029 [info] > git rev-parse refs/remotes/origin/main [1ms]
2024-10-23 20:50:41.040 [info] > git for-each-ref --sort -committerdate --format %(refname) %(objectname) %(*objectname) [4ms]
2024-10-23 20:50:41.267 [info] > git status -z -uall [235ms]
2024-10-23 20:50:46.037 [info] > git add -A -- /home/yonatancarrillo/.npm/_logs/2024-10-20T19_07_29_305Z-debug-0.log [33ms]
2024-10-23 20:50:46.047 [info] > git config --get commit.template [4ms]
2024-10-23 20:50:46.049 [info] > git for-each-ref --format=%(refname)%00%(upstream:short)%00%(objectname)%00%(upstream:track)%00%(upstream:remotename)%00%(upstream:remoteref) refs/heads/main refs/remotes/main [2ms]
2024-10-23 20:50:46.053 [warning] [Git][revParse] Unable to read file: ENOENT: no such file or directory, open '/home/yonatancarrillo/.git/refs/remotes/origin/main'
2024-10-23 20:50:46.055 [info] > git rev-parse refs/remotes/origin/main [1ms]
2024-10-23 20:50:46.066 [info] > git for-each-ref --sort -committerdate --format %(refname) %(objectname) %(*objectname) [3ms]
2024-10-23 20:50:46.270 [info] > git status -z -uall [212ms]
2024-10-23 20:50:47.818 [info] > git config --get commit.template [6ms]
2024-10-23 20:50:47.820 [info] > git for-each-ref --format=%(refname)%00%(upstream:short)%00%(objectname)%00%(upstream:track)%00%(upstream:remotename)%00%(upstream:remoteref) refs/heads/main refs/remotes/main [3ms]
2024-10-23 20:50:47.823 [warning] [Git][revParse] Unable to read file: ENOENT: no such file or directory, open '/home/yonatancarrillo/.git/refs/remotes/origin/main'
2024-10-23 20:50:47.825 [info] > git rev-parse refs/remotes/origin/main [2ms]
2024-10-23 20:50:47.838 [info] > git for-each-ref --sort -committerdate --format %(refname) %(objectname) %(*objectname) [4ms]
2024-10-23 20:50:48.050 [info] > git status -z -uall [221ms]
2024-10-23 20:50:48.862 [info] > git add -A -- /home/yonatancarrillo/.npm/_logs/2024-10-23T00_51_12_742Z-debug-0.log [146ms]
2024-10-23 20:50:48.911 [info] > git config --get commit.template [25ms]
2024-10-23 20:50:48.912 [info] > git for-each-ref --format=%(refname)%00%(upstream:short)%00%(objectname)%00%(upstream:track)%00%(upstream:remotename)%00%(upstream:remoteref) refs/heads/main refs/remotes/main [14ms]
2024-10-23 20:50:48.919 [warning] [Git][revParse] Unable to read file: ENOENT: no such file or directory, open '/home/yonatancarrillo/.git/refs/remotes/origin/main'
2024-10-23 20:50:48.922 [info] > git rev-parse refs/remotes/origin/main [2ms]
2024-10-23 20:50:48.946 [info] > git for-each-ref --sort -committerdate --format %(refname) %(objectname) %(*objectname) [2ms]
2024-10-23 20:50:49.243 [info] > git status -z -uall [313ms]
2024-10-23 20:50:51.332 [info] > git add -A -- /home/yonatancarrillo/.npm/_logs/2024-10-23T01_09_03_067Z-debug-0.log [37ms]
2024-10-23 20:50:51.343 [info] > git config --get commit.template [4ms]
2024-10-23 20:50:51.345 [info] > git for-each-ref --format=%(refname)%00%(upstream:short)%00%(objectname)%00%(upstream:track)%00%(upstream:remotename)%00%(upstream:remoteref) refs/heads/main refs/remotes/main [2ms]
2024-10-23 20:50:51.348 [warning] [Git][revParse] Unable to read file: ENOENT: no such file or directory, open '/home/yonatancarrillo/.git/refs/remotes/origin/main'
2024-10-23 20:50:51.349 [info] > git rev-parse refs/remotes/origin/main [1ms]
2024-10-23 20:50:51.360 [info] > git for-each-ref --sort -committerdate --format %(refname) %(objectname) %(*objectname) [3ms]
2024-10-23 20:50:51.565 [info] > git status -z -uall [213ms]
2024-10-23 20:50:53.117 [info] > git config --get commit.template [5ms]
2024-10-23 20:50:53.119 [info] > git for-each-ref --format=%(refname)%00%(upstream:short)%00%(objectname)%00%(upstream:track)%00%(upstream:remotename)%00%(upstream:remoteref) refs/heads/main refs/remotes/main [3ms]
2024-10-23 20:50:53.123 [warning] [Git][revParse] Unable to read file: ENOENT: no such file or directory, open '/home/yonatancarrillo/.git/refs/remotes/origin/main'
2024-10-23 20:50:53.125 [info] > git rev-parse refs/remotes/origin/main [1ms]
2024-10-23 20:50:53.171 [info] > git for-each-ref --sort -committerdate --format %(refname) %(objectname) %(*objectname) [36ms]
2024-10-23 20:50:53.363 [info] > git status -z -uall [234ms]
2024-10-23 20:50:54.079 [info] > git add -A -- /home/yonatancarrillo/.ssh/config [47ms]
2024-10-23 20:50:54.095 [info] > git config --get commit.template [7ms]
2024-10-23 20:50:54.098 [info] > git for-each-ref --format=%(refname)%00%(upstream:short)%00%(objectname)%00%(upstream:track)%00%(upstream:remotename)%00%(upstream:remoteref) refs/heads/main refs/remotes/main [4ms]
2024-10-23 20:50:54.103 [warning] [Git][revParse] Unable to read file: ENOENT: no such file or directory, open '/home/yonatancarrillo/.git/refs/remotes/origin/main'
2024-10-23 20:50:54.105 [info] > git rev-parse refs/remotes/origin/main [2ms]
2024-10-23 20:50:54.122 [info] > git for-each-ref --sort -committerdate --format %(refname) %(objectname) %(*objectname) [6ms]
2024-10-23 20:50:54.443 [info] > git status -z -uall [333ms]
