2024-10-20 09:25:42.808 [info] [main] Log level: Info
2024-10-20 09:25:42.808 [info] [main] Validating found git in: "git"
2024-10-20 09:25:42.808 [info] [main] Using git "2.47.0" from "git"
2024-10-20 09:25:42.808 [info] [Model][doInitialScan] Initial repository scan started
2024-10-20 09:25:42.808 [info] > git rev-parse --show-toplevel [90ms]
2024-10-20 09:25:42.808 [info] > git rev-parse --git-dir --git-common-dir [7ms]
2024-10-20 09:25:42.808 [info] [Model][openRepository] Opened repository: /home/yonatancarrillo/portafolio-personal/javascript_desde_cero
2024-10-20 09:25:42.808 [info] [Model][doInitialScan] Initial repository scan completed - repositories (1), closed repositories (0), parent repositories (0), unsafe repositories (0)
2024-10-20 09:25:42.808 [info] > git config --get commit.template [10ms]
2024-10-20 09:25:42.868 [info] > git for-each-ref --format=%(refname)%00%(upstream:short)%00%(objectname)%00%(upstream:track)%00%(upstream:remotename)%00%(upstream:remoteref) refs/heads/main refs/remotes/main [41ms]
2024-10-20 09:25:42.868 [warning] [Git][getBranch] No such branch: main
2024-10-20 09:25:42.891 [info] > git status -z -uall [17ms]
2024-10-20 09:25:42.892 [info] > git for-each-ref --sort -committerdate --format %(refname) %(objectname) %(*objectname) [11ms]
2024-10-20 09:25:42.949 [info] > git for-each-ref --format=%(refname)%00%(upstream:short)%00%(objectname)%00%(upstream:track)%00%(upstream:remotename)%00%(upstream:remoteref) refs/heads/main refs/remotes/main [47ms]
2024-10-20 09:25:42.949 [warning] [Git][getBranch] No such branch: main
2024-10-20 09:25:42.950 [error] [GitHistoryProvider][resolveHEADMergeBase] Failed to resolve merge base for main: Error: No such branch: main.
2024-10-20 09:25:42.974 [info] > git config --get commit.template [55ms]
2024-10-20 09:25:43.005 [info] > git for-each-ref --format=%(refname)%00%(upstream:short)%00%(objectname)%00%(upstream:track)%00%(upstream:remotename)%00%(upstream:remoteref) refs/heads/main refs/remotes/main [16ms]
2024-10-20 09:25:43.005 [warning] [Git][getBranch] No such branch: main
2024-10-20 09:25:43.030 [info] > git status -z -uall [14ms]
2024-10-20 09:25:43.037 [info] > git for-each-ref --sort -committerdate --format %(refname) %(objectname) %(*objectname) [16ms]
2024-10-20 09:25:43.600 [info] > git fetch [825ms]
2024-10-20 09:25:43.600 [info] Missing or invalid credentials.
Skip silent fetch commands
git@github.com: Permission denied (publickey).
fatal: Could not read from remote repository.

Please make sure you have the correct access rights
and the repository exists.
2024-10-20 09:25:43.625 [info] > git config --get commit.template [20ms]
2024-10-20 09:25:43.632 [info] > git for-each-ref --format=%(refname)%00%(upstream:short)%00%(objectname)%00%(upstream:track)%00%(upstream:remotename)%00%(upstream:remoteref) refs/heads/main refs/remotes/main [3ms]
2024-10-20 09:25:43.632 [warning] [Git][getBranch] No such branch: main
2024-10-20 09:25:43.643 [info] > git status -z -uall [6ms]
2024-10-20 09:25:43.644 [info] > git for-each-ref --sort -committerdate --format %(refname) %(objectname) %(*objectname) [2ms]
