2024-10-23 20:49:48.269 [info] Extension host with pid 2098 started
2024-10-23 20:49:48.318 [info] ExtensionService#_doActivateExtension vscode.git-base, startup: true, activationEvent: '*', root cause: vscode.git
2024-10-23 20:49:48.330 [info] Lock '/home/yonatancarrillo/.vscode-server/data/User/workspaceStorage/b73060aca5e6e870505db44b2025e46a/vscode.lock': Lock acquired.
2024-10-23 20:49:48.399 [info] ExtensionService#_doActivateExtension vscode.git, startup: true, activationEvent: '*'
2024-10-23 20:49:48.399 [info] ExtensionService#_doActivateExtension vscode.github, startup: true, activationEvent: '*'
2024-10-23 20:49:48.651 [info] Eager extensions activated
2024-10-23 20:49:48.652 [info] ExtensionService#_doActivateExtension vscode.debug-auto-launch, startup: false, activationEvent: 'onStartupFinished'
2024-10-23 20:49:48.652 [info] ExtensionService#_doActivateExtension vscode.merge-conflict, startup: false, activationEvent: 'onStartupFinished'
2024-10-23 20:49:48.653 [info] ExtensionService#_doActivateExtension ritwickdey.LiveServer, startup: false, activationEvent: 'onStartupFinished'
2024-10-23 20:49:48.654 [info] ExtensionService#_doActivateExtension rvest.vs-code-prettier-eslint, startup: false, activationEvent: 'onStartupFinished'
2024-10-23 20:49:49.032 [info] ExtensionService#_doActivateExtension vscode.emmet, startup: false, activationEvent: 'onLanguage'
2024-10-23 20:49:51.795 [warning] [Decorations] CAPPING events from decorations provider vscode.git 4739
2024-10-23 20:50:33.944 [warning] [Decorations] CAPPING events from decorations provider vscode.git 4755
2024-10-23 20:50:39.197 [warning] [Decorations] CAPPING events from decorations provider vscode.git 4755
2024-10-23 20:50:41.315 [warning] [Decorations] CAPPING events from decorations provider vscode.git 4755
2024-10-23 20:50:46.315 [warning] [Decorations] CAPPING events from decorations provider vscode.git 4755
2024-10-23 20:50:48.081 [warning] [Decorations] CAPPING events from decorations provider vscode.git 4755
2024-10-23 20:50:49.290 [warning] [Decorations] CAPPING events from decorations provider vscode.git 4755
2024-10-23 20:50:51.604 [warning] [Decorations] CAPPING events from decorations provider vscode.git 4755
2024-10-23 20:50:53.405 [warning] [Decorations] CAPPING events from decorations provider vscode.git 4755
2024-10-23 20:50:54.492 [warning] [Decorations] CAPPING events from decorations provider vscode.git 4755
2024-10-23 20:51:14.790 [warning] [Decorations] CAPPING events from decorations provider vscode.git 4755
2024-10-23 20:51:23.847 [warning] [Decorations] CAPPING events from decorations provider vscode.git 4710
2024-10-23 20:53:18.104 [error] Error: [ExtensionListenerError] Extension 'rvest.vs-code-prettier-eslint' FAILED to handle event: TypeError: Cannot destructure property 'document' of 'undefined' as it is undefined.
	at gh.value (file:///home/yonatancarrillo/.vscode-server/bin/384ff7382de624fb94dbaf6da11977bba1ecd427/out/vs/workbench/api/node/extensionHostProcess.js:156:35184)
	at T.B (file:///home/yonatancarrillo/.vscode-server/bin/384ff7382de624fb94dbaf6da11977bba1ecd427/out/vs/workbench/api/node/extensionHostProcess.js:29:732)
	at T.fire (file:///home/yonatancarrillo/.vscode-server/bin/384ff7382de624fb94dbaf6da11977bba1ecd427/out/vs/workbench/api/node/extensionHostProcess.js:29:950)
	at gh.value (file:///home/yonatancarrillo/.vscode-server/bin/384ff7382de624fb94dbaf6da11977bba1ecd427/out/vs/workbench/api/node/extensionHostProcess.js:155:61240)
	at T.B (file:///home/yonatancarrillo/.vscode-server/bin/384ff7382de624fb94dbaf6da11977bba1ecd427/out/vs/workbench/api/node/extensionHostProcess.js:29:732)
	at T.fire (file:///home/yonatancarrillo/.vscode-server/bin/384ff7382de624fb94dbaf6da11977bba1ecd427/out/vs/workbench/api/node/extensionHostProcess.js:29:950)
	at nw.acceptDocumentsAndEditorsDelta (file:///home/yonatancarrillo/.vscode-server/bin/384ff7382de624fb94dbaf6da11977bba1ecd427/out/vs/workbench/api/node/extensionHostProcess.js:121:11570)
	at nw.$acceptDocumentsAndEditorsDelta (file:///home/yonatancarrillo/.vscode-server/bin/384ff7382de624fb94dbaf6da11977bba1ecd427/out/vs/workbench/api/node/extensionHostProcess.js:121:10040)
	at Zb.S (file:///home/yonatancarrillo/.vscode-server/bin/384ff7382de624fb94dbaf6da11977bba1ecd427/out/vs/workbench/api/node/extensionHostProcess.js:31:155752)
	at Zb.Q (file:///home/yonatancarrillo/.vscode-server/bin/384ff7382de624fb94dbaf6da11977bba1ecd427/out/vs/workbench/api/node/extensionHostProcess.js:31:155532)
	at Zb.M (file:///home/yonatancarrillo/.vscode-server/bin/384ff7382de624fb94dbaf6da11977bba1ecd427/out/vs/workbench/api/node/extensionHostProcess.js:31:154621)
	at Zb.L (file:///home/yonatancarrillo/.vscode-server/bin/384ff7382de624fb94dbaf6da11977bba1ecd427/out/vs/workbench/api/node/extensionHostProcess.js:31:153726)
	at gh.value (file:///home/yonatancarrillo/.vscode-server/bin/384ff7382de624fb94dbaf6da11977bba1ecd427/out/vs/workbench/api/node/extensionHostProcess.js:31:152523)
	at T.B (file:///home/yonatancarrillo/.vscode-server/bin/384ff7382de624fb94dbaf6da11977bba1ecd427/out/vs/workbench/api/node/extensionHostProcess.js:29:732)
	at T.fire (file:///home/yonatancarrillo/.vscode-server/bin/384ff7382de624fb94dbaf6da11977bba1ecd427/out/vs/workbench/api/node/extensionHostProcess.js:29:950)
	at no.fire (file:///home/yonatancarrillo/.vscode-server/bin/384ff7382de624fb94dbaf6da11977bba1ecd427/out/vs/workbench/api/node/extensionHostProcess.js:31:9399)
	at gh.value (file:///home/yonatancarrillo/.vscode-server/bin/384ff7382de624fb94dbaf6da11977bba1ecd427/out/vs/workbench/api/node/extensionHostProcess.js:174:13273)
	at T.B (file:///home/yonatancarrillo/.vscode-server/bin/384ff7382de624fb94dbaf6da11977bba1ecd427/out/vs/workbench/api/node/extensionHostProcess.js:29:732)
	at T.fire (file:///home/yonatancarrillo/.vscode-server/bin/384ff7382de624fb94dbaf6da11977bba1ecd427/out/vs/workbench/api/node/extensionHostProcess.js:29:950)
	at no.fire (file:///home/yonatancarrillo/.vscode-server/bin/384ff7382de624fb94dbaf6da11977bba1ecd427/out/vs/workbench/api/node/extensionHostProcess.js:31:9399)
	at Im.A (file:///home/yonatancarrillo/.vscode-server/bin/384ff7382de624fb94dbaf6da11977bba1ecd427/out/vs/workbench/api/node/extensionHostProcess.js:31:12515)
	at gh.value (file:///home/yonatancarrillo/.vscode-server/bin/384ff7382de624fb94dbaf6da11977bba1ecd427/out/vs/workbench/api/node/extensionHostProcess.js:31:10935)
	at T.B (file:///home/yonatancarrillo/.vscode-server/bin/384ff7382de624fb94dbaf6da11977bba1ecd427/out/vs/workbench/api/node/extensionHostProcess.js:29:732)
	at T.fire (file:///home/yonatancarrillo/.vscode-server/bin/384ff7382de624fb94dbaf6da11977bba1ecd427/out/vs/workbench/api/node/extensionHostProcess.js:29:950)
	at m5.acceptChunk (file:///home/yonatancarrillo/.vscode-server/bin/384ff7382de624fb94dbaf6da11977bba1ecd427/out/vs/workbench/api/node/extensionHostProcess.js:31:7880)
	at gh.value (file:///home/yonatancarrillo/.vscode-server/bin/384ff7382de624fb94dbaf6da11977bba1ecd427/out/vs/workbench/api/node/extensionHostProcess.js:31:7166)
	at T.B (file:///home/yonatancarrillo/.vscode-server/bin/384ff7382de624fb94dbaf6da11977bba1ecd427/out/vs/workbench/api/node/extensionHostProcess.js:29:732)
	at T.fire (file:///home/yonatancarrillo/.vscode-server/bin/384ff7382de624fb94dbaf6da11977bba1ecd427/out/vs/workbench/api/node/extensionHostProcess.js:29:950)
	at _2.z (file:///home/yonatancarrillo/.vscode-server/bin/384ff7382de624fb94dbaf6da11977bba1ecd427/out/vs/workbench/api/node/extensionHostProcess.js:31:21892)
	at _2.acceptFrame (file:///home/yonatancarrillo/.vscode-server/bin/384ff7382de624fb94dbaf6da11977bba1ecd427/out/vs/workbench/api/node/extensionHostProcess.js:31:21698)
	at z2.n (file:///home/yonatancarrillo/.vscode-server/bin/384ff7382de624fb94dbaf6da11977bba1ecd427/out/vs/workbench/api/node/extensionHostProcess.js:31:20224)
	at file:///home/yonatancarrillo/.vscode-server/bin/384ff7382de624fb94dbaf6da11977bba1ecd427/out/vs/workbench/api/node/extensionHostProcess.js:31:17454
	at Socket.t (file:///home/yonatancarrillo/.vscode-server/bin/384ff7382de624fb94dbaf6da11977bba1ecd427/out/vs/workbench/api/node/extensionHostProcess.js:31:15393)
	at Socket.emit (node:events:519:28)
	at addChunk (node:internal/streams/readable:559:12)
	at readableAddChunkPushByteMode (node:internal/streams/readable:510:3)
	at Readable.push (node:internal/streams/readable:390:5)
	at TCP.onStreamRead (node:internal/stream_base_commons:191:23)
