2024-10-20 09:27:29.034 [info] [main] Log level: Info
2024-10-20 09:27:29.034 [info] [main] Validating found git in: "git"
2024-10-20 09:27:29.034 [info] [main] Using git "2.47.0" from "git"
2024-10-20 09:27:29.034 [info] [Model][doInitialScan] Initial repository scan started
2024-10-20 09:27:29.034 [info] > git rev-parse --show-toplevel [6ms]
2024-10-20 09:27:29.034 [info] > git rev-parse --git-dir --git-common-dir [11ms]
2024-10-20 09:27:29.034 [info] [Model][openRepository] Opened repository: /home/yonatancarrillo/portafolio-personal/introduccion/javascript/javascript_desde_cero
2024-10-20 09:27:29.034 [info] [Model][doInitialScan] Initial repository scan completed - repositories (1), closed repositories (0), parent repositories (0), unsafe repositories (0)
2024-10-20 09:27:29.034 [info] > git config --get commit.template [3ms]
2024-10-20 09:27:29.045 [info] > git for-each-ref --format=%(refname)%00%(upstream:short)%00%(objectname)%00%(upstream:track)%00%(upstream:remotename)%00%(upstream:remoteref) refs/heads/main refs/remotes/main [5ms]
2024-10-20 09:27:29.045 [warning] [Git][getBranch] No such branch: main
2024-10-20 09:27:29.095 [info] > git status -z -uall [44ms]
2024-10-20 09:27:29.095 [info] > git for-each-ref --sort -committerdate --format %(refname) %(objectname) %(*objectname) [38ms]
2024-10-20 09:27:29.201 [info] > git for-each-ref --format=%(refname)%00%(upstream:short)%00%(objectname)%00%(upstream:track)%00%(upstream:remotename)%00%(upstream:remoteref) refs/heads/main refs/remotes/main [92ms]
2024-10-20 09:27:29.201 [warning] [Git][getBranch] No such branch: main
2024-10-20 09:27:29.202 [error] [GitHistoryProvider][resolveHEADMergeBase] Failed to resolve merge base for main: Error: No such branch: main.
2024-10-20 09:27:29.212 [info] > git config --get commit.template [57ms]
2024-10-20 09:27:29.240 [info] > git for-each-ref --format=%(refname)%00%(upstream:short)%00%(objectname)%00%(upstream:track)%00%(upstream:remotename)%00%(upstream:remoteref) refs/heads/main refs/remotes/main [14ms]
2024-10-20 09:27:29.241 [warning] [Git][getBranch] No such branch: main
2024-10-20 09:27:29.441 [info] > git status -z -uall [181ms]
2024-10-20 09:27:29.441 [info] > git for-each-ref --sort -committerdate --format %(refname) %(objectname) %(*objectname) [175ms]
2024-10-20 09:27:29.670 [info] > git check-ignore -v -z --stdin [1ms]
2024-10-20 09:27:29.673 [info] > git fetch [664ms]
2024-10-20 09:27:29.673 [info] Missing or invalid credentials.
Skip silent fetch commands
git@github.com: Permission denied (publickey).
fatal: Could not read from remote repository.

Please make sure you have the correct access rights
and the repository exists.
2024-10-20 09:27:29.681 [info] > git config --get commit.template [4ms]
2024-10-20 09:27:29.682 [info] > git for-each-ref --format=%(refname)%00%(upstream:short)%00%(objectname)%00%(upstream:track)%00%(upstream:remotename)%00%(upstream:remoteref) refs/heads/main refs/remotes/main [2ms]
2024-10-20 09:27:29.682 [warning] [Git][getBranch] No such branch: main
2024-10-20 09:27:29.688 [info] > git status -z -uall [4ms]
2024-10-20 09:27:29.691 [info] > git for-each-ref --sort -committerdate --format %(refname) %(objectname) %(*objectname) [3ms]
2024-10-20 09:27:30.955 [info] > git show --textconv :arreglos.js [89ms]
2024-10-20 09:27:30.964 [info] > git ls-files --stage -- /home/yonatancarrillo/portafolio-personal/introduccion/javascript/javascript_desde_cero/arreglos.js [73ms]
