0 verbose cli /home/yonatancarrillo/.nvm/versions/node/v20.18.0/bin/node /home/yonatancarrillo/.nvm/versions/node/v20.18.0/bin/npm
1 info using npm@10.8.2
2 info using node@v20.18.0
3 silly config load:file:/home/yonatancarrillo/.nvm/versions/node/v20.18.0/lib/node_modules/npm/npmrc
4 silly config load:file:/home/yonatancarrillo/.cache/typescript/5.6/.npmrc
5 silly config load:file:/home/yonatancarrillo/.npmrc
6 silly config load:file:/home/yonatancarrillo/.nvm/versions/node/v20.18.0/etc/npmrc
7 verbose title npm install types-registry@latest
8 verbose argv "install" "--ignore-scripts" "types-registry@latest"
9 verbose logfile logs-max:10 dir:/home/yonatancarrillo/.npm/_logs/2024-10-20T14_00_22_279Z-
10 verbose logfile /home/yonatancarrillo/.npm/_logs/2024-10-20T14_00_22_279Z-debug-0.log
11 silly packumentCache heap:1588592640 maxSize:397148160 maxEntrySize:198574080
12 silly logfile done cleaning log files
13 silly packumentCache corgi:https://registry.npmjs.org/types-registry cache-miss
14 http fetch GET 200 https://registry.npmjs.org/npm 544ms
15 http fetch GET 200 https://registry.npmjs.org/types-registry 605ms (cache updated)
16 silly packumentCache corgi:https://registry.npmjs.org/types-registry set size:undefined disposed:false
17 silly idealTree buildDeps
18 silly fetch manifest types-registry@0.1.691
19 silly packumentCache full:https://registry.npmjs.org/types-registry cache-miss
20 http fetch GET 200 https://registry.npmjs.org/types-registry 142ms (cache miss)
21 silly packumentCache full:https://registry.npmjs.org/types-registry set size:undefined disposed:false
22 silly placeDep ROOT types-registry@0.1.691 OK for:  want: 0.1.691
23 silly reify moves {}
24 silly audit bulk request { 'types-registry': [ '0.1.691' ] }
25 silly tarball no local data for types-registry@https://registry.npmjs.org/types-registry/-/types-registry-0.1.691.tgz. Extracting by manifest.
26 http fetch POST 200 https://registry.npmjs.org/-/npm/v1/security/advisories/bulk 159ms
27 silly audit report {}
28 http fetch GET 200 https://registry.npmjs.org/types-registry/-/types-registry-0.1.691.tgz 179ms (cache miss)
29 silly ADD node_modules/types-registry
30 verbose cwd /home/yonatancarrillo/.cache/typescript/5.6
31 verbose os Linux 5.15.153.1-microsoft-standard-WSL2
32 verbose node v20.18.0
33 verbose npm  v10.8.2
34 notice
34 notice New minor version of npm available! 10.8.2 -> 10.9.0
34 notice Changelog: https://github.com/npm/cli/releases/tag/v10.9.0
34 notice To update run: npm install -g npm@10.9.0
34 notice  { force: true, [Symbol(proc-log.meta)]: true }
35 verbose exit 0
36 info ok
