2024-10-22 20:08:58.298 [info] [main] Log level: Info
2024-10-22 20:08:58.298 [info] [main] Validating found git in: "git"
2024-10-22 20:08:58.298 [info] [main] Using git "2.47.0" from "git"
2024-10-22 20:08:58.298 [info] [Model][doInitialScan] Initial repository scan started
2024-10-22 20:08:58.298 [info] > git rev-parse --show-toplevel [80ms]
2024-10-22 20:08:58.298 [info] > git rev-parse --git-dir --git-common-dir [2ms]
2024-10-22 20:08:58.298 [info] [Model][openRepository] Opened repository: /home/yonatancarrillo/portafolio-personal/javarcritp-completo/javascript_desde_cero
2024-10-22 20:08:58.298 [info] [Model][doInitialScan] Initial repository scan completed - repositories (1), closed repositories (0), parent repositories (0), unsafe repositories (0)
2024-10-22 20:08:58.298 [info] > git config --get commit.template [4ms]
2024-10-22 20:08:58.304 [info] > git for-each-ref --format=%(refname)%00%(upstream:short)%00%(objectname)%00%(upstream:track)%00%(upstream:remotename)%00%(upstream:remoteref) refs/heads/main refs/remotes/main [2ms]
2024-10-22 20:08:58.319 [info] > git status -z -uall [7ms]
2024-10-22 20:08:58.320 [info] > git for-each-ref --sort -committerdate --format %(refname) %(objectname) %(*objectname) [3ms]
2024-10-22 20:08:58.362 [info] > git for-each-ref --format=%(refname)%00%(upstream:short)%00%(objectname)%00%(upstream:track)%00%(upstream:remotename)%00%(upstream:remoteref) refs/heads/main refs/remotes/main [24ms]
2024-10-22 20:08:58.371 [info] > git config --local branch.main.vscode-merge-base [3ms]
2024-10-22 20:08:58.371 [warning] [Git][config] git config failed: Failed to execute git
2024-10-22 20:08:58.378 [info] > git config --get commit.template [19ms]
2024-10-22 20:08:58.389 [info] > git reflog main --grep-reflog=branch: Created from *. [12ms]
2024-10-22 20:08:58.395 [info] > git for-each-ref --format=%(refname)%00%(upstream:short)%00%(objectname)%00%(upstream:track)%00%(upstream:remotename)%00%(upstream:remoteref) refs/heads/main refs/remotes/main [12ms]
2024-10-22 20:08:58.410 [info] > git status -z -uall [7ms]
2024-10-22 20:08:58.411 [info] > git symbolic-ref --short refs/remotes/origin/HEAD [18ms]
2024-10-22 20:08:58.411 [info] fatal: ref refs/remotes/origin/HEAD is not a symbolic ref
2024-10-22 20:08:58.411 [warning] [Repository][getDefaultBranch] Failed to get default branch details: Failed to execute git.
2024-10-22 20:08:58.447 [info] > git merge-base refs/heads/main refs/remotes/origin/main [27ms]
2024-10-22 20:08:58.453 [info] > git for-each-ref --sort -committerdate --format %(refname) %(objectname) %(*objectname) [44ms]
2024-10-22 20:08:58.470 [info] > git merge-base refs/heads/main refs/remotes/origin/main [4ms]
2024-10-22 20:08:58.475 [info] > git diff --name-status -z --diff-filter=ADMR 2d5f96ba489b70cd8d48f9b68eab3730406a5e7b...refs/remotes/origin/main [22ms]
2024-10-22 20:08:58.477 [info] > git diff --name-status -z --diff-filter=ADMR 2d5f96ba489b70cd8d48f9b68eab3730406a5e7b...refs/remotes/origin/main [3ms]
2024-10-22 20:08:58.952 [info] > git check-ignore -v -z --stdin [2ms]
2024-10-22 20:08:59.782 [info] > git show --textconv :return.js [75ms]
2024-10-22 20:08:59.783 [info] > git fetch [1515ms]
2024-10-22 20:08:59.783 [info] Missing or invalid credentials.
Skip silent fetch commands
git@github.com: Permission denied (publickey).
fatal: Could not read from remote repository.

Please make sure you have the correct access rights
and the repository exists.
2024-10-22 20:08:59.819 [info] > git ls-files --stage -- /home/yonatancarrillo/portafolio-personal/javarcritp-completo/javascript_desde_cero/return.js [106ms]
2024-10-22 20:08:59.833 [info] > git cat-file -s 7fff0cd6c09bf6571ba13b240099b8431fa53a83 [6ms]
2024-10-22 20:08:59.834 [info] > git config --get commit.template [16ms]
2024-10-22 20:08:59.851 [info] > git for-each-ref --format=%(refname)%00%(upstream:short)%00%(objectname)%00%(upstream:track)%00%(upstream:remotename)%00%(upstream:remoteref) refs/heads/main refs/remotes/main [13ms]
2024-10-22 20:08:59.877 [info] > git status -z -uall [14ms]
2024-10-22 20:08:59.877 [info] > git for-each-ref --sort -committerdate --format %(refname) %(objectname) %(*objectname) [4ms]
2024-10-22 20:09:40.133 [info] > git show --textconv :variablesGlobales.js [6ms]
2024-10-22 20:09:40.136 [info] > git ls-files --stage -- /home/yonatancarrillo/portafolio-personal/javarcritp-completo/javascript_desde_cero/variablesGlobales.js [5ms]
2024-10-22 20:09:40.412 [info] > git check-ignore -v -z --stdin [2ms]
2024-10-22 20:09:41.020 [info] > git config --get commit.template [6ms]
2024-10-22 20:09:41.021 [info] > git for-each-ref --format=%(refname)%00%(upstream:short)%00%(objectname)%00%(upstream:track)%00%(upstream:remotename)%00%(upstream:remoteref) refs/heads/main refs/remotes/main [2ms]
2024-10-22 20:09:41.031 [info] > git status -z -uall [6ms]
2024-10-22 20:09:41.033 [info] > git for-each-ref --sort -committerdate --format %(refname) %(objectname) %(*objectname) [3ms]
2024-10-22 20:09:42.456 [info] > git log --format=%H%n%aN%n%aE%n%at%n%ct%n%P%n%D%n%B -z --shortstat --diff-merges=first-parent -n50 --skip=0 --topo-order --decorate=full --stdin [62ms]
2024-10-22 20:10:06.397 [info] > git add -A -- . [5ms]
2024-10-22 20:10:06.435 [info] > git -c user.useConfigOnly=true commit --quiet --allow-empty-message --file - [33ms]
2024-10-22 20:10:06.444 [info] > git config --get commit.template [1ms]
2024-10-22 20:10:06.460 [info] > git config --get commit.template [8ms]
2024-10-22 20:10:06.461 [info] > git for-each-ref --format=%(refname)%00%(upstream:short)%00%(objectname)%00%(upstream:track)%00%(upstream:remotename)%00%(upstream:remoteref) refs/heads/main refs/remotes/main [4ms]
2024-10-22 20:10:06.475 [info] > git status -z -uall [7ms]
2024-10-22 20:10:06.478 [info] > git for-each-ref --sort -committerdate --format %(refname) %(objectname) %(*objectname) [5ms]
2024-10-22 20:10:06.492 [info] > git merge-base refs/heads/main refs/remotes/origin/main [6ms]
2024-10-22 20:10:06.503 [info] > git diff --name-status -z --diff-filter=ADMR 2d5f96ba489b70cd8d48f9b68eab3730406a5e7b...refs/remotes/origin/main [3ms]
2024-10-22 20:10:06.574 [info] > git log --format=%H%n%aN%n%aE%n%at%n%ct%n%P%n%D%n%B -z --shortstat --diff-merges=first-parent -n50 --skip=0 --topo-order --decorate=full --stdin [12ms]
2024-10-22 20:10:06.576 [info] > git config --get commit.template [3ms]
2024-10-22 20:10:06.584 [info] > git for-each-ref --format=%(refname)%00%(upstream:short)%00%(objectname)%00%(upstream:track)%00%(upstream:remotename)%00%(upstream:remoteref) refs/heads/main refs/remotes/main [2ms]
2024-10-22 20:10:06.598 [info] > git status -z -uall [8ms]
2024-10-22 20:10:06.599 [info] > git for-each-ref --sort -committerdate --format %(refname) %(objectname) %(*objectname) [3ms]
2024-10-22 20:10:07.668 [info] > git ls-files --stage -- /home/yonatancarrillo/portafolio-personal/javarcritp-completo/javascript_desde_cero/variablesGlobales.js [1ms]
2024-10-22 20:10:07.673 [info] > git cat-file -s e69de29bb2d1d6434b8b29ae775ad8c2e48c5391 [2ms]
2024-10-22 20:10:07.684 [info] > git show --textconv :variablesGlobales.js [2ms]
2024-10-22 20:10:09.367 [info] > git ls-files --stage -- /home/yonatancarrillo/portafolio-personal/javarcritp-completo/javascript_desde_cero/variablesGlobales.js [2ms]
2024-10-22 20:10:09.374 [info] > git cat-file -s e69de29bb2d1d6434b8b29ae775ad8c2e48c5391 [2ms]
2024-10-22 20:10:09.382 [info] > git show --textconv :variablesGlobales.js [2ms]
2024-10-22 20:10:26.129 [info] > git pull --tags origin main [17987ms]
2024-10-22 20:10:26.129 [info] From github.com:ymcarrillom/javascript_desde_cero
 * branch            main       -> FETCH_HEAD
2024-10-22 20:10:27.371 [info] > git ls-files --stage -- /home/yonatancarrillo/portafolio-personal/javarcritp-completo/javascript_desde_cero/variablesGlobales.js [3ms]
2024-10-22 20:10:27.377 [info] > git cat-file -s e69de29bb2d1d6434b8b29ae775ad8c2e48c5391 [2ms]
2024-10-22 20:10:27.387 [info] > git show --textconv :variablesGlobales.js [2ms]
2024-10-22 20:11:01.332 [info] > git push origin main:main [35199ms]
2024-10-22 20:11:01.332 [info] To github.com:ymcarrillom/javascript_desde_cero.git
   2d5f96b..33c2cb5  main -> main
2024-10-22 20:11:01.342 [info] > git config --get commit.template [5ms]
2024-10-22 20:11:01.343 [info] > git for-each-ref --format=%(refname)%00%(upstream:short)%00%(objectname)%00%(upstream:track)%00%(upstream:remotename)%00%(upstream:remoteref) refs/heads/main refs/remotes/main [2ms]
2024-10-22 20:11:01.353 [info] > git status -z -uall [5ms]
2024-10-22 20:11:01.355 [info] > git for-each-ref --sort -committerdate --format %(refname) %(objectname) %(*objectname) [2ms]
2024-10-22 20:11:01.373 [info] > git merge-base refs/heads/main refs/remotes/origin/main [4ms]
2024-10-22 20:11:01.382 [info] > git diff --name-status -z --diff-filter=ADMR 33c2cb59ca88bfcb5babe94000a23eef82ee9926...refs/remotes/origin/main [2ms]
2024-10-22 20:11:01.404 [info] > git log --format=%H%n%aN%n%aE%n%at%n%ct%n%P%n%D%n%B -z --shortstat --diff-merges=first-parent -n50 --skip=0 --topo-order --decorate=full --stdin [7ms]
2024-10-22 20:11:02.532 [info] > git config --get commit.template [7ms]
2024-10-22 20:11:02.533 [info] > git for-each-ref --format=%(refname)%00%(upstream:short)%00%(objectname)%00%(upstream:track)%00%(upstream:remotename)%00%(upstream:remoteref) refs/heads/main refs/remotes/main [3ms]
2024-10-22 20:11:02.543 [info] > git status -z -uall [5ms]
2024-10-22 20:11:02.544 [info] > git for-each-ref --sort -committerdate --format %(refname) %(objectname) %(*objectname) [2ms]
2024-10-22 20:11:02.624 [info] > git ls-files --stage -- /home/yonatancarrillo/portafolio-personal/javarcritp-completo/javascript_desde_cero/variablesGlobales.js [2ms]
2024-10-22 20:11:02.631 [info] > git cat-file -s e69de29bb2d1d6434b8b29ae775ad8c2e48c5391 [2ms]
2024-10-22 20:11:02.641 [info] > git show --textconv :variablesGlobales.js [2ms]
2024-10-22 20:12:15.711 [info] > git fetch [1154ms]
2024-10-22 20:12:15.712 [info] Missing or invalid credentials.
Skip silent fetch commands
git@github.com: Permission denied (publickey).
fatal: Could not read from remote repository.

Please make sure you have the correct access rights
and the repository exists.
2024-10-22 20:12:15.720 [info] > git config --get commit.template [4ms]
2024-10-22 20:12:15.721 [info] > git for-each-ref --format=%(refname)%00%(upstream:short)%00%(objectname)%00%(upstream:track)%00%(upstream:remotename)%00%(upstream:remoteref) refs/heads/main refs/remotes/main [2ms]
2024-10-22 20:12:15.731 [info] > git status -z -uall [5ms]
2024-10-22 20:12:15.732 [info] > git for-each-ref --sort -committerdate --format %(refname) %(objectname) %(*objectname) [2ms]
2024-10-22 20:12:15.799 [info] > git ls-files --stage -- /home/yonatancarrillo/portafolio-personal/javarcritp-completo/javascript_desde_cero/variablesGlobales.js [3ms]
2024-10-22 20:12:15.805 [info] > git cat-file -s e69de29bb2d1d6434b8b29ae775ad8c2e48c5391 [2ms]
2024-10-22 20:12:15.815 [info] > git show --textconv :variablesGlobales.js [2ms]
2024-10-22 20:14:49.217 [info] > git config --get commit.template [6ms]
2024-10-22 20:14:49.218 [info] > git for-each-ref --format=%(refname)%00%(upstream:short)%00%(objectname)%00%(upstream:track)%00%(upstream:remotename)%00%(upstream:remoteref) refs/heads/main refs/remotes/main [2ms]
2024-10-22 20:14:49.227 [info] > git status -z -uall [5ms]
2024-10-22 20:14:49.229 [info] > git for-each-ref --sort -committerdate --format %(refname) %(objectname) %(*objectname) [3ms]
2024-10-22 20:14:50.642 [info] > git log --format=%H%n%aN%n%aE%n%at%n%ct%n%P%n%D%n%B -z --shortstat --diff-merges=first-parent -n50 --skip=0 --topo-order --decorate=full --stdin [4ms]
2024-10-22 20:15:09.459 [info] > git add -A -- . [5ms]
2024-10-22 20:15:09.479 [info] > git -c user.useConfigOnly=true commit --quiet --allow-empty-message --file - [13ms]
2024-10-22 20:15:09.489 [info] > git config --get commit.template [2ms]
2024-10-22 20:15:09.510 [info] > git config --get commit.template [10ms]
2024-10-22 20:15:09.511 [info] > git for-each-ref --format=%(refname)%00%(upstream:short)%00%(objectname)%00%(upstream:track)%00%(upstream:remotename)%00%(upstream:remoteref) refs/heads/main refs/remotes/main [3ms]
2024-10-22 20:15:09.531 [info] > git status -z -uall [12ms]
2024-10-22 20:15:09.533 [info] > git for-each-ref --sort -committerdate --format %(refname) %(objectname) %(*objectname) [3ms]
2024-10-22 20:15:09.558 [info] > git merge-base refs/heads/main refs/remotes/origin/main [8ms]
2024-10-22 20:15:09.817 [info] > git diff --name-status -z --diff-filter=ADMR 33c2cb59ca88bfcb5babe94000a23eef82ee9926...refs/remotes/origin/main [250ms]
2024-10-22 20:15:09.823 [info] > git config --get commit.template [6ms]
2024-10-22 20:15:09.826 [info] > git log --format=%H%n%aN%n%aE%n%at%n%ct%n%P%n%D%n%B -z --shortstat --diff-merges=first-parent -n50 --skip=0 --topo-order --decorate=full --stdin [20ms]
2024-10-22 20:15:09.894 [info] > git for-each-ref --format=%(refname)%00%(upstream:short)%00%(objectname)%00%(upstream:track)%00%(upstream:remotename)%00%(upstream:remoteref) refs/heads/main refs/remotes/main [58ms]
2024-10-22 20:15:10.055 [info] > git status -z -uall [23ms]
2024-10-22 20:15:10.066 [info] > git for-each-ref --sort -committerdate --format %(refname) %(objectname) %(*objectname) [18ms]
2024-10-22 20:15:10.911 [info] > git ls-files --stage -- /home/yonatancarrillo/portafolio-personal/javarcritp-completo/javascript_desde_cero/variablesGlobales.js [2ms]
2024-10-22 20:15:10.918 [info] > git cat-file -s 00da8c2c82e549165cdf1797b8d7cfa121409582 [1ms]
2024-10-22 20:15:10.928 [info] > git show --textconv :variablesGlobales.js [2ms]
2024-10-22 20:15:13.081 [info] > git ls-files --stage -- /home/yonatancarrillo/portafolio-personal/javarcritp-completo/javascript_desde_cero/variablesGlobales.js [2ms]
2024-10-22 20:15:13.087 [info] > git cat-file -s 00da8c2c82e549165cdf1797b8d7cfa121409582 [2ms]
2024-10-22 20:15:13.095 [info] > git show --textconv :variablesGlobales.js [2ms]
2024-10-22 20:15:27.567 [info] > git pull --tags origin main [15682ms]
2024-10-22 20:15:27.568 [info] From github.com:ymcarrillom/javascript_desde_cero
 * branch            main       -> FETCH_HEAD
2024-10-22 20:15:32.346 [info] > git ls-files --stage -- /home/yonatancarrillo/portafolio-personal/javarcritp-completo/javascript_desde_cero/variablesGlobales.js [3ms]
2024-10-22 20:15:32.358 [info] > git cat-file -s 00da8c2c82e549165cdf1797b8d7cfa121409582 [2ms]
2024-10-22 20:15:32.368 [info] > git show --textconv :variablesGlobales.js [2ms]
2024-10-22 20:17:58.899 [info] > git config --get commit.template [9ms]
2024-10-22 20:17:58.900 [info] > git for-each-ref --format=%(refname)%00%(upstream:short)%00%(objectname)%00%(upstream:track)%00%(upstream:remotename)%00%(upstream:remoteref) refs/heads/main refs/remotes/main [6ms]
2024-10-22 20:17:58.916 [info] > git status -z -uall [9ms]
2024-10-22 20:17:58.918 [info] > git for-each-ref --sort -committerdate --format %(refname) %(objectname) %(*objectname) [6ms]
2024-10-22 20:17:58.937 [info] > git merge-base refs/heads/main refs/remotes/origin/main [11ms]
2024-10-22 20:17:58.951 [info] > git diff --name-status -z --diff-filter=ADMR 5faab9439b624bf9385c7f3819fe64419964ecd2...refs/remotes/origin/main [3ms]
2024-10-22 20:17:58.973 [info] > git log --format=%H%n%aN%n%aE%n%at%n%ct%n%P%n%D%n%B -z --shortstat --diff-merges=first-parent -n50 --skip=0 --topo-order --decorate=full --stdin [13ms]
2024-10-22 20:18:00.145 [info] > git ls-files --stage -- /home/yonatancarrillo/portafolio-personal/javarcritp-completo/javascript_desde_cero/variablesGlobales.js [2ms]
2024-10-22 20:18:00.151 [info] > git cat-file -s 00da8c2c82e549165cdf1797b8d7cfa121409582 [1ms]
2024-10-22 20:18:00.160 [info] > git show --textconv :variablesGlobales.js [2ms]
2024-10-22 20:20:46.170 [info] > git log --format=%H%n%aN%n%aE%n%at%n%ct%n%P%n%D%n%B -z --shortstat --diff-merges=first-parent -n50 --skip=0 --topo-order --decorate=full --stdin [5ms]
2024-10-22 20:20:49.172 [info] > git push origin main:main [321601ms]
2024-10-22 20:20:49.172 [info] git@github.com: Permission denied (publickey).
fatal: Could not read from remote repository.

Please make sure you have the correct access rights
and the repository exists.
2024-10-22 20:20:59.106 [info] > git remote rename origin upstream [12ms]
2024-10-22 20:20:59.119 [info] > git config --get commit.template [6ms]
2024-10-22 20:20:59.120 [info] > git for-each-ref --format=%(refname)%00%(upstream:short)%00%(objectname)%00%(upstream:track)%00%(upstream:remotename)%00%(upstream:remoteref) refs/heads/main refs/remotes/main [3ms]
2024-10-22 20:20:59.132 [info] > git status -z -uall [6ms]
2024-10-22 20:20:59.133 [info] > git for-each-ref --sort -committerdate --format %(refname) %(objectname) %(*objectname) [2ms]
2024-10-22 20:20:59.150 [info] > git merge-base refs/heads/main refs/remotes/upstream/main [7ms]
2024-10-22 20:20:59.157 [info] > git remote add origin https://github.com/ymcarrillom/javascript_desde_cero.git [9ms]
2024-10-22 20:20:59.165 [info] > git diff --name-status -z --diff-filter=ADMR 5faab9439b624bf9385c7f3819fe64419964ecd2...refs/remotes/upstream/main [9ms]
2024-10-22 20:20:59.174 [info] > git config --get commit.template [9ms]
2024-10-22 20:20:59.184 [info] > git log --format=%H%n%aN%n%aE%n%at%n%ct%n%P%n%D%n%B -z --shortstat --diff-merges=first-parent -n50 --skip=0 --topo-order --decorate=full --stdin [10ms]
2024-10-22 20:20:59.191 [info] > git for-each-ref --format=%(refname)%00%(upstream:short)%00%(objectname)%00%(upstream:track)%00%(upstream:remotename)%00%(upstream:remoteref) refs/heads/main refs/remotes/main [9ms]
2024-10-22 20:20:59.208 [info] > git status -z -uall [10ms]
2024-10-22 20:20:59.210 [info] > git for-each-ref --sort -committerdate --format %(refname) %(objectname) %(*objectname) [3ms]
2024-10-22 20:21:00.399 [info] > git ls-files --stage -- /home/yonatancarrillo/portafolio-personal/javarcritp-completo/javascript_desde_cero/variablesGlobales.js [2ms]
2024-10-22 20:21:00.405 [info] > git cat-file -s 00da8c2c82e549165cdf1797b8d7cfa121409582 [2ms]
2024-10-22 20:21:00.416 [info] > git show --textconv :variablesGlobales.js [3ms]
2024-10-22 20:21:00.508 [info] > git fetch origin main [1291ms]
2024-10-22 20:21:00.508 [info] From https://github.com/ymcarrillom/javascript_desde_cero
 * branch            main       -> FETCH_HEAD
 * [new branch]      main       -> origin/main
2024-10-22 20:21:00.519 [info] > git config --get commit.template [6ms]
2024-10-22 20:21:00.520 [info] > git for-each-ref --format=%(refname)%00%(upstream:short)%00%(objectname)%00%(upstream:track)%00%(upstream:remotename)%00%(upstream:remoteref) refs/heads/main refs/remotes/main [1ms]
2024-10-22 20:21:00.530 [info] > git status -z -uall [7ms]
2024-10-22 20:21:00.532 [info] > git for-each-ref --sort -committerdate --format %(refname) %(objectname) %(*objectname) [4ms]
2024-10-22 20:21:00.541 [info] > git branch --set-upstream-to origin/main main [5ms]
2024-10-22 20:21:00.555 [info] > git config --get commit.template [7ms]
2024-10-22 20:21:00.561 [info] > git log --format=%H%n%aN%n%aE%n%at%n%ct%n%P%n%D%n%B -z --shortstat --diff-merges=first-parent -n50 --skip=0 --topo-order --decorate=full --stdin [8ms]
2024-10-22 20:21:00.562 [info] > git for-each-ref --format=%(refname)%00%(upstream:short)%00%(objectname)%00%(upstream:track)%00%(upstream:remotename)%00%(upstream:remoteref) refs/heads/main refs/remotes/main [2ms]
2024-10-22 20:21:00.581 [info] > git status -z -uall [13ms]
2024-10-22 20:21:00.582 [info] > git for-each-ref --sort -committerdate --format %(refname) %(objectname) %(*objectname) [6ms]
2024-10-22 20:21:00.603 [info] > git merge-base refs/heads/main refs/remotes/origin/main [7ms]
2024-10-22 20:21:00.622 [info] > git diff --name-status -z --diff-filter=ADMR 5faab9439b624bf9385c7f3819fe64419964ecd2...refs/remotes/origin/main [2ms]
2024-10-22 20:21:01.197 [info] > git push -u origin main [596ms]
2024-10-22 20:21:01.197 [info] Everything up-to-date
2024-10-22 20:21:01.209 [info] > git config --get commit.template [5ms]
2024-10-22 20:21:01.210 [info] > git for-each-ref --format=%(refname)%00%(upstream:short)%00%(objectname)%00%(upstream:track)%00%(upstream:remotename)%00%(upstream:remoteref) refs/heads/main refs/remotes/main [2ms]
2024-10-22 20:21:01.220 [info] > git status -z -uall [6ms]
2024-10-22 20:21:01.223 [info] > git for-each-ref --sort -committerdate --format %(refname) %(objectname) %(*objectname) [3ms]
2024-10-22 20:21:01.242 [info] > git config --get commit.template [6ms]
2024-10-22 20:21:01.243 [info] > git for-each-ref --format=%(refname)%00%(upstream:short)%00%(objectname)%00%(upstream:track)%00%(upstream:remotename)%00%(upstream:remoteref) refs/heads/main refs/remotes/main [3ms]
2024-10-22 20:21:01.255 [info] > git status -z -uall [6ms]
2024-10-22 20:21:01.257 [info] > git for-each-ref --sort -committerdate --format %(refname) %(objectname) %(*objectname) [3ms]
2024-10-22 20:21:01.747 [info] > git fetch [479ms]
2024-10-22 20:21:01.747 [info] Missing or invalid credentials.
Skip silent fetch commands
Missing or invalid credentials.
Skip silent fetch commands
remote: Repository not found.
fatal: Authentication failed for 'https://github.com/ymcarrillom/javascript_desde_cero.git/'
2024-10-22 20:21:01.757 [info] > git config --get commit.template [5ms]
2024-10-22 20:21:01.758 [info] > git for-each-ref --format=%(refname)%00%(upstream:short)%00%(objectname)%00%(upstream:track)%00%(upstream:remotename)%00%(upstream:remoteref) refs/heads/main refs/remotes/main [2ms]
2024-10-22 20:21:01.767 [info] > git status -z -uall [5ms]
2024-10-22 20:21:01.770 [info] > git for-each-ref --sort -committerdate --format %(refname) %(objectname) %(*objectname) [4ms]
2024-10-22 20:21:02.524 [info] > git ls-files --stage -- /home/yonatancarrillo/portafolio-personal/javarcritp-completo/javascript_desde_cero/variablesGlobales.js [2ms]
2024-10-22 20:21:02.530 [info] > git cat-file -s 00da8c2c82e549165cdf1797b8d7cfa121409582 [2ms]
2024-10-22 20:21:02.538 [info] > git show --textconv :variablesGlobales.js [2ms]
2024-10-22 20:26:33.700 [info] > git config --get commit.template [5ms]
2024-10-22 20:26:33.701 [info] > git for-each-ref --format=%(refname)%00%(upstream:short)%00%(objectname)%00%(upstream:track)%00%(upstream:remotename)%00%(upstream:remoteref) refs/heads/main refs/remotes/main [2ms]
2024-10-22 20:26:33.711 [info] > git status -z -uall [5ms]
2024-10-22 20:26:33.713 [info] > git for-each-ref --sort -committerdate --format %(refname) %(objectname) %(*objectname) [2ms]
2024-10-22 20:26:47.893 [info] > git show --textconv :scopeGlobal.js [7ms]
2024-10-22 20:26:47.911 [info] > git ls-files --stage -- /home/yonatancarrillo/portafolio-personal/javarcritp-completo/javascript_desde_cero/scopeGlobal.js [18ms]
2024-10-22 20:26:48.171 [info] > git check-ignore -v -z --stdin [2ms]
2024-10-22 20:26:48.677 [info] > git config --get commit.template [6ms]
2024-10-22 20:26:48.679 [info] > git for-each-ref --format=%(refname)%00%(upstream:short)%00%(objectname)%00%(upstream:track)%00%(upstream:remotename)%00%(upstream:remoteref) refs/heads/main refs/remotes/main [3ms]
2024-10-22 20:26:48.689 [info] > git status -z -uall [4ms]
2024-10-22 20:26:48.691 [info] > git for-each-ref --sort -committerdate --format %(refname) %(objectname) %(*objectname) [3ms]
2024-10-22 20:26:51.492 [info] > git show --textconv :index.html [7ms]
2024-10-22 20:26:51.499 [info] > git ls-files --stage -- /home/yonatancarrillo/portafolio-personal/javarcritp-completo/javascript_desde_cero/index.html [8ms]
2024-10-22 20:26:51.508 [info] > git cat-file -s e46ab7a498ea0590e6e6e42266f1158cac758b09 [3ms]
2024-10-22 20:27:05.967 [info] > git config --get commit.template [5ms]
2024-10-22 20:27:05.969 [info] > git for-each-ref --format=%(refname)%00%(upstream:short)%00%(objectname)%00%(upstream:track)%00%(upstream:remotename)%00%(upstream:remoteref) refs/heads/main refs/remotes/main [2ms]
2024-10-22 20:27:05.990 [info] > git status -z -uall [8ms]
2024-10-22 20:27:05.991 [info] > git for-each-ref --sort -committerdate --format %(refname) %(objectname) %(*objectname) [2ms]
2024-10-22 20:27:51.630 [info] > git show --textconv :return.js [13ms]
2024-10-22 20:27:51.633 [info] > git ls-files --stage -- /home/yonatancarrillo/portafolio-personal/javarcritp-completo/javascript_desde_cero/return.js [7ms]
2024-10-22 20:27:51.647 [info] > git cat-file -s 7fff0cd6c09bf6571ba13b240099b8431fa53a83 [3ms]
2024-10-22 20:27:52.985 [info] > git show --textconv :index.html [11ms]
2024-10-22 20:27:52.988 [info] > git ls-files --stage -- /home/yonatancarrillo/portafolio-personal/javarcritp-completo/javascript_desde_cero/index.html [6ms]
2024-10-22 20:27:53.001 [info] > git cat-file -s e46ab7a498ea0590e6e6e42266f1158cac758b09 [3ms]
2024-10-22 20:27:54.315 [info] > git show --textconv :scopeGlobal.js [7ms]
2024-10-22 20:27:54.321 [info] > git ls-files --stage -- /home/yonatancarrillo/portafolio-personal/javarcritp-completo/javascript_desde_cero/scopeGlobal.js [8ms]
2024-10-22 20:30:09.137 [info] > git show --textconv :scopeLocal.js [6ms]
2024-10-22 20:30:09.140 [info] > git ls-files --stage -- /home/yonatancarrillo/portafolio-personal/javarcritp-completo/javascript_desde_cero/scopeLocal.js [5ms]
2024-10-22 20:30:09.419 [info] > git check-ignore -v -z --stdin [2ms]
2024-10-22 20:30:10.025 [info] > git config --get commit.template [7ms]
2024-10-22 20:30:10.027 [info] > git for-each-ref --format=%(refname)%00%(upstream:short)%00%(objectname)%00%(upstream:track)%00%(upstream:remotename)%00%(upstream:remoteref) refs/heads/main refs/remotes/main [3ms]
2024-10-22 20:30:10.041 [info] > git status -z -uall [7ms]
2024-10-22 20:30:10.042 [info] > git for-each-ref --sort -committerdate --format %(refname) %(objectname) %(*objectname) [3ms]
2024-10-22 20:30:31.473 [info] > git config --get commit.template [11ms]
2024-10-22 20:30:31.474 [info] > git for-each-ref --format=%(refname)%00%(upstream:short)%00%(objectname)%00%(upstream:track)%00%(upstream:remotename)%00%(upstream:remoteref) refs/heads/main refs/remotes/main [3ms]
2024-10-22 20:30:31.502 [info] > git status -z -uall [14ms]
2024-10-22 20:30:31.503 [info] > git for-each-ref --sort -committerdate --format %(refname) %(objectname) %(*objectname) [3ms]
2024-10-22 20:30:47.250 [info] > git show --textconv :scopeGlobal.js [4ms]
2024-10-22 20:30:47.251 [info] > git ls-files --stage -- /home/yonatancarrillo/portafolio-personal/javarcritp-completo/javascript_desde_cero/scopeGlobal.js [2ms]
2024-10-22 20:30:52.985 [info] > git config --get commit.template [5ms]
2024-10-22 20:30:52.987 [info] > git for-each-ref --format=%(refname)%00%(upstream:short)%00%(objectname)%00%(upstream:track)%00%(upstream:remotename)%00%(upstream:remoteref) refs/heads/main refs/remotes/main [1ms]
2024-10-22 20:30:52.997 [info] > git status -z -uall [7ms]
2024-10-22 20:30:52.997 [info] > git for-each-ref --sort -committerdate --format %(refname) %(objectname) %(*objectname) [3ms]
2024-10-22 20:31:53.616 [info] > git show --textconv :scopeLocal.js [6ms]
2024-10-22 20:31:53.621 [info] > git ls-files --stage -- /home/yonatancarrillo/portafolio-personal/javarcritp-completo/javascript_desde_cero/scopeLocal.js [5ms]
2024-10-22 20:45:36.755 [info] > git config --get commit.template [4ms]
2024-10-22 20:45:36.756 [info] > git for-each-ref --format=%(refname)%00%(upstream:short)%00%(objectname)%00%(upstream:track)%00%(upstream:remotename)%00%(upstream:remoteref) refs/heads/main refs/remotes/main [2ms]
2024-10-22 20:45:36.764 [info] > git status -z -uall [5ms]
2024-10-22 20:45:36.766 [info] > git for-each-ref --sort -committerdate --format %(refname) %(objectname) %(*objectname) [3ms]
2024-10-22 20:45:39.326 [info] > git show --textconv :index.html [7ms]
2024-10-22 20:45:39.331 [info] > git ls-files --stage -- /home/yonatancarrillo/portafolio-personal/javarcritp-completo/javascript_desde_cero/index.html [6ms]
2024-10-22 20:45:39.336 [info] > git cat-file -s e46ab7a498ea0590e6e6e42266f1158cac758b09 [2ms]
2024-10-22 20:45:59.573 [info] > git for-each-ref --format=%(refname)%00%(upstream:short)%00%(objectname)%00%(upstream:track)%00%(upstream:remotename)%00%(upstream:remoteref) refs/heads/main refs/remotes/main [4ms]
2024-10-22 20:45:59.573 [info] > git config --get commit.template [11ms]
2024-10-22 20:45:59.582 [info] > git status -z -uall [5ms]
2024-10-22 20:45:59.585 [info] > git for-each-ref --sort -committerdate --format %(refname) %(objectname) %(*objectname) [3ms]
2024-10-22 20:46:41.233 [info] > git show --textconv :scopeBloque.js [8ms]
2024-10-22 20:46:41.242 [info] > git ls-files --stage -- /home/yonatancarrillo/portafolio-personal/javarcritp-completo/javascript_desde_cero/scopeBloque.js [10ms]
2024-10-22 20:46:41.508 [info] > git check-ignore -v -z --stdin [2ms]
2024-10-22 20:46:42.095 [info] > git config --get commit.template [6ms]
2024-10-22 20:46:42.097 [info] > git for-each-ref --format=%(refname)%00%(upstream:short)%00%(objectname)%00%(upstream:track)%00%(upstream:remotename)%00%(upstream:remoteref) refs/heads/main refs/remotes/main [3ms]
2024-10-22 20:46:42.107 [info] > git status -z -uall [5ms]
2024-10-22 20:46:42.109 [info] > git for-each-ref --sort -committerdate --format %(refname) %(objectname) %(*objectname) [3ms]
2024-10-22 20:46:47.133 [info] > git config --get commit.template [9ms]
2024-10-22 20:46:47.134 [info] > git for-each-ref --format=%(refname)%00%(upstream:short)%00%(objectname)%00%(upstream:track)%00%(upstream:remotename)%00%(upstream:remoteref) refs/heads/main refs/remotes/main [2ms]
2024-10-22 20:46:47.143 [info] > git status -z -uall [4ms]
2024-10-22 20:46:47.145 [info] > git for-each-ref --sort -committerdate --format %(refname) %(objectname) %(*objectname) [2ms]
