2024-10-06 06:37:21.087 [info] [main] Log level: Info
2024-10-06 06:37:21.087 [info] [main] Validating found git in: "git"
2024-10-06 06:37:21.087 [info] [main] Using git "2.43.0" from "git"
2024-10-06 06:37:21.087 [info] [Model][doInitialScan] Initial repository scan started
2024-10-06 06:37:21.088 [info] > git rev-parse --show-toplevel [13ms]
2024-10-06 06:37:21.088 [info] > git rev-parse --git-dir --git-common-dir [30ms]
2024-10-06 06:37:21.088 [info] [Model][openRepository] Opened repository: /home/yonatancarrillo
2024-10-06 06:37:21.146 [info] > git config --get commit.template [47ms]
2024-10-06 06:37:21.253 [info] > git for-each-ref --format=%(refname)%00%(upstream:short)%00%(objectname)%00%(upstream:track)%00%(upstream:remotename)%00%(upstream:remoteref) refs/heads/main refs/remotes/main [120ms]
2024-10-06 06:37:21.284 [warning] [Git][revParse] Unable to read file: ENOENT: no such file or directory, open '/home/yonatancarrillo/.git/refs/remotes/origin/main'
2024-10-06 06:37:21.299 [info] > git rev-parse refs/remotes/origin/main [16ms]
2024-10-06 06:37:21.532 [info] > git for-each-ref --sort -committerdate --format %(refname) %(objectname) %(*objectname) [117ms]
2024-10-06 06:37:21.609 [info] > git rev-parse --show-toplevel [3ms]
2024-10-06 06:37:21.631 [info] > git rev-parse --show-toplevel [2ms]
2024-10-06 06:37:21.689 [info] > git rev-parse --show-toplevel [34ms]
2024-10-06 06:37:21.707 [info] > git rev-parse --show-toplevel [12ms]
2024-10-06 06:37:21.728 [info] > git rev-parse --show-toplevel [14ms]
2024-10-06 06:37:21.749 [info] > git rev-parse --show-toplevel [14ms]
2024-10-06 06:37:21.774 [info] > git rev-parse --git-dir --git-common-dir [4ms]
2024-10-06 06:37:21.808 [info] [Model][openRepository] Opened repository: /home/yonatancarrillo/.nvm
2024-10-06 06:37:21.843 [info] > git check-ignore -v -z --stdin [96ms]
2024-10-06 06:37:21.860 [info] > git fetch [768ms]
2024-10-06 06:37:21.860 [info] Missing or invalid credentials.
Skip silent fetch commands
Host key verification failed.
fatal: Could not read from remote repository.

Please make sure you have the correct access rights
and the repository exists.
2024-10-06 06:37:21.928 [info] > git status -z -uall [602ms] (cancelled)
2024-10-06 06:37:21.929 [info] > git for-each-ref --format=%(refname)%00%(upstream:short)%00%(objectname)%00%(upstream:track)%00%(upstream:remotename)%00%(upstream:remoteref) refs/heads/main refs/remotes/main [45ms]
2024-10-06 06:37:21.937 [info] > git rev-parse --show-toplevel [103ms]
2024-10-06 06:37:21.939 [info] > git config --get commit.template [111ms]
2024-10-06 06:37:21.956 [info] > git config --local branch.main.vscode-merge-base [19ms]
2024-10-06 06:37:21.957 [warning] [Git][config] git config failed: Failed to execute git
2024-10-06 06:37:21.974 [info] > git config --get commit.template [55ms]
2024-10-06 06:37:21.975 [info] > git config --get commit.template [70ms]
2024-10-06 06:37:21.993 [info] > git reflog main --grep-reflog=branch: Created from *. [19ms]
2024-10-06 06:37:22.006 [info] > git rev-parse --git-dir --git-common-dir [53ms]
2024-10-06 06:37:22.036 [info] [Model][openRepository] Opened repository: /home/yonatancarrillo/.oh-my-zsh
2024-10-06 06:37:22.120 [info] > git symbolic-ref --short refs/remotes/origin/HEAD [115ms]
2024-10-06 06:37:22.120 [info] fatal: ref refs/remotes/origin/HEAD is not a symbolic ref
2024-10-06 06:37:22.120 [warning] [Repository][getDefaultBranch] Failed to get default branch details: Failed to execute git.
2024-10-06 06:37:22.144 [info] > git for-each-ref --format %(refname) %(objectname) %(*objectname) refs/tags [154ms]
2024-10-06 06:37:22.230 [info] > git merge-base refs/heads/main refs/remotes/origin/main [88ms]
2024-10-06 06:37:22.281 [info] > git rev-parse --show-toplevel [131ms]
2024-10-06 06:37:22.282 [info] > git config --get commit.template [182ms]
2024-10-06 06:37:22.283 [info] > git for-each-ref --format=%(refname)%00%(upstream:short)%00%(objectname)%00%(upstream:track)%00%(upstream:remotename)%00%(upstream:remoteref) refs/heads/main refs/remotes/main [201ms]
2024-10-06 06:37:22.309 [info] > git for-each-ref --format=%(refname)%00%(upstream:short)%00%(objectname)%00%(upstream:track)%00%(upstream:remotename)%00%(upstream:remoteref) refs/heads/main refs/remotes/main [244ms]
2024-10-06 06:37:22.375 [warning] [Git][revParse] Unable to read file: ENOENT: no such file or directory, open '/home/yonatancarrillo/.git/refs/remotes/origin/main'
2024-10-06 06:37:22.391 [info] > git status -z -uall [210ms]
2024-10-06 06:37:22.392 [info] > git diff --name-status -z --diff-filter=ADMR 49e58478b4d04713056e6d6b8c3c8eab88ffeca5...refs/remotes/origin/main [144ms]
2024-10-06 06:37:22.407 [info] > git for-each-ref --sort -committerdate --format %(refname) %(objectname) %(*objectname) [208ms]
2024-10-06 06:37:22.539 [warning] [Git][revParse] Unable to read file: ENOENT: no such file or directory, open '/home/yonatancarrillo/.git/refs/remotes/origin/main'
2024-10-06 06:37:22.902 [info] > git rev-parse refs/remotes/origin/main [527ms]
2024-10-06 06:37:22.917 [info] > git rev-parse --show-toplevel [572ms]
2024-10-06 06:37:22.973 [info] > git check-ignore -v -z --stdin [40ms]
2024-10-06 06:37:22.975 [info] > git check-ignore -v -z --stdin [25ms]
2024-10-06 06:37:22.976 [info] > git check-ignore -v -z --stdin [20ms]
2024-10-06 06:37:22.977 [info] > git for-each-ref --sort -committerdate --format %(refname) %(objectname) %(*objectname) [59ms]
2024-10-06 06:37:22.978 [info] > git config --get commit.template [425ms]
2024-10-06 06:37:22.979 [info] > git for-each-ref --format=%(refname)%00%(upstream:short)%00%(objectname)%00%(upstream:track)%00%(upstream:remotename)%00%(upstream:remoteref) refs/heads/master refs/remotes/master [434ms]
2024-10-06 06:37:22.980 [info] > git rev-parse refs/remotes/origin/main [440ms]
2024-10-06 06:37:22.983 [info] > git fetch [948ms]
2024-10-06 06:37:22.999 [info] > git rev-parse --show-toplevel [30ms]
2024-10-06 06:37:23.014 [info] > git config --get commit.template [19ms]
2024-10-06 06:37:23.016 [info] > git rev-parse --show-toplevel [6ms]
2024-10-06 06:37:23.017 [info] > git for-each-ref --format %(refname) %(objectname) %(*objectname) refs/tags [12ms]
2024-10-06 06:37:23.072 [info] > git status -z -uall [51ms]
2024-10-06 06:37:23.073 [info] > git for-each-ref --sort -committerdate --format %(refname) %(objectname) %(*objectname) [41ms]
2024-10-06 06:37:23.092 [info] > git rev-parse --show-toplevel [21ms]
2024-10-06 06:37:23.093 [info] > git for-each-ref --format=%(refname)%00%(upstream:short)%00%(objectname)%00%(upstream:track)%00%(upstream:remotename)%00%(upstream:remoteref) refs/heads/master refs/remotes/master [30ms]
2024-10-06 06:37:23.094 [info] > git for-each-ref --format=%(refname)%00%(upstream:short)%00%(objectname)%00%(upstream:track)%00%(upstream:remotename)%00%(upstream:remoteref) refs/heads/master refs/remotes/master [47ms]
2024-10-06 06:37:23.139 [info] > git config --get commit.template [51ms]
2024-10-06 06:37:23.141 [info] > git rev-parse --show-toplevel [8ms]
2024-10-06 06:37:23.142 [info] > git config --local branch.master.vscode-merge-base [39ms]
2024-10-06 06:37:23.143 [warning] [Git][config] git config failed: Failed to execute git
2024-10-06 06:37:23.280 [info] > git for-each-ref --format=%(refname)%00%(upstream:short)%00%(objectname)%00%(upstream:track)%00%(upstream:remotename)%00%(upstream:remoteref) refs/heads/master refs/remotes/master [90ms]
2024-10-06 06:37:23.281 [info] > git reflog master --grep-reflog=branch: Created from *. [127ms]
2024-10-06 06:37:23.309 [info] > git for-each-ref --format=%(refname)%00%(upstream:short)%00%(objectname)%00%(upstream:track)%00%(upstream:remotename)%00%(upstream:remoteref) refs/heads/origin/master refs/remotes/origin/master [6ms]
2024-10-06 06:37:23.316 [info] > git for-each-ref --format=%(refname)%00%(upstream:short)%00%(objectname)%00%(upstream:track)%00%(upstream:remotename)%00%(upstream:remoteref) refs/heads/master refs/remotes/master [103ms]
2024-10-06 06:37:23.326 [info] > git rev-parse --show-toplevel [132ms]
2024-10-06 06:37:23.342 [info] > git config --local branch.master.vscode-merge-base origin/master [26ms]
2024-10-06 06:37:23.359 [info] > git rev-parse --git-dir --git-common-dir [19ms]
2024-10-06 06:37:23.369 [info] [Model][openRepository] Opened repository: /home/yonatancarrillo/github-test
2024-10-06 06:37:23.372 [info] > git config --local branch.master.vscode-merge-base [46ms]
2024-10-06 06:37:23.434 [info] > git config --get commit.template [77ms]
2024-10-06 06:37:23.536 [info] > git rev-parse --show-toplevel [103ms]
2024-10-06 06:37:23.539 [info] > git config --get commit.template [133ms]
2024-10-06 06:37:23.540 [info] > git for-each-ref --format=%(refname)%00%(upstream:short)%00%(objectname)%00%(upstream:track)%00%(upstream:remotename)%00%(upstream:remoteref) refs/heads/master refs/remotes/master [154ms]
2024-10-06 06:37:23.563 [info] > git for-each-ref --format=%(refname)%00%(upstream:short)%00%(objectname)%00%(upstream:track)%00%(upstream:remotename)%00%(upstream:remoteref) refs/heads/origin/master refs/remotes/origin/master [186ms]
2024-10-06 06:37:23.650 [info] > git config --local branch.master.vscode-merge-base [88ms]
2024-10-06 06:37:23.662 [info] > git fetch [1855ms]
2024-10-06 06:37:23.662 [info] From https://github.com/nvm-sh/nvm
   4bdd57b..5dc31ac  master     -> origin/master
 * [new tag]         v0.39.6    -> v0.39.6
 * [new tag]         v0.39.7    -> v0.39.7
 * [new tag]         v0.40.0    -> v0.40.0
 * [new tag]         v0.40.1    -> v0.40.1
2024-10-06 06:37:23.688 [info] [Git][getRemotes] No remotes found in the git config file
2024-10-06 06:37:23.730 [info] > git for-each-ref --format=%(refname)%00%(upstream:short)%00%(objectname)%00%(upstream:track)%00%(upstream:remotename)%00%(upstream:remoteref) refs/heads/origin/master refs/remotes/origin/master [70ms]
2024-10-06 06:37:23.744 [info] > git rev-parse --show-toplevel [113ms]
2024-10-06 06:37:23.745 [info] > git for-each-ref --format=%(refname)%00%(upstream:short)%00%(objectname)%00%(upstream:track)%00%(upstream:remotename)%00%(upstream:remoteref) refs/heads/master refs/remotes/master [131ms]
2024-10-06 06:37:23.746 [info] > git merge-base refs/heads/master refs/remotes/origin/master [174ms]
2024-10-06 06:37:23.797 [info] > git merge-base refs/heads/master refs/remotes/origin/master [55ms]
2024-10-06 06:37:23.822 [info] > git config --get commit.template [100ms]
2024-10-06 06:37:23.823 [info] > git for-each-ref --format=%(refname)%00%(upstream:short)%00%(objectname)%00%(upstream:track)%00%(upstream:remotename)%00%(upstream:remoteref) refs/heads/master refs/remotes/master [135ms]
2024-10-06 06:37:23.824 [warning] [Git][getBranch] No such branch: master
2024-10-06 06:37:23.873 [info] > git status -z -uall [30ms]
2024-10-06 06:37:23.874 [info] > git for-each-ref --sort -committerdate --format %(refname) %(objectname) %(*objectname) [12ms]
2024-10-06 06:37:23.930 [info] > git diff --name-status -z --diff-filter=ADMR 62cf1201b031399e7251abeee859e895ee825a48...refs/remotes/origin/master [109ms]
2024-10-06 06:37:23.932 [info] > git rev-parse --git-dir --git-common-dir [143ms]
2024-10-06 06:37:23.941 [info] [Model][openRepository] Opened repository: /home/yonatancarrillo/mi-blog
2024-10-06 06:37:23.951 [info] > git diff --name-status -z --diff-filter=ADMR 62cf1201b031399e7251abeee859e895ee825a48...refs/remotes/origin/master [192ms]
2024-10-06 06:37:24.011 [info] > git for-each-ref --format=%(refname)%00%(upstream:short)%00%(objectname)%00%(upstream:track)%00%(upstream:remotename)%00%(upstream:remoteref) refs/heads/master refs/remotes/master [91ms]
2024-10-06 06:37:24.012 [warning] [Git][getBranch] No such branch: master
2024-10-06 06:37:24.018 [error] [GitHistoryProvider][resolveHEADMergeBase] Failed to resolve merge base for master: Error: No such branch: master.
2024-10-06 06:37:24.130 [info] > git config --get commit.template [145ms]
2024-10-06 06:37:24.131 [info] > git config --get commit.template [156ms]
2024-10-06 06:37:24.132 [info] > git for-each-ref --format %(refname) %(objectname) %(*objectname) refs/tags [163ms]
2024-10-06 06:37:24.163 [info] > git status -z -uall [1257ms] (cancelled)
2024-10-06 06:37:24.178 [info] > git check-ignore -v -z --stdin [146ms]
2024-10-06 06:37:24.179 [info] > git check-ignore -v -z --stdin [142ms]
2024-10-06 06:37:24.180 [info] > git check-ignore -v -z --stdin [138ms]
2024-10-06 06:37:24.181 [info] > git check-ignore -v -z --stdin [133ms]
2024-10-06 06:37:24.182 [info] > git status -z -uall [118ms]
2024-10-06 06:37:24.182 [info] > git status -z -uall [38ms]
2024-10-06 06:37:24.182 [info] > git for-each-ref --sort -committerdate --format %(refname) %(objectname) %(*objectname) [97ms]
2024-10-06 06:37:24.184 [info] > git rev-parse --show-toplevel [126ms]
2024-10-06 06:37:24.191 [info] [Git][getRemotes] No remotes found in the git config file
2024-10-06 06:37:24.200 [info] [Git][getRemotes] No remotes found in the git config file
2024-10-06 06:37:24.235 [info] > git for-each-ref --sort -committerdate --format %(refname) %(objectname) %(*objectname) [85ms]
2024-10-06 06:37:24.266 [info] > git rev-parse --show-toplevel [47ms]
2024-10-06 06:37:24.269 [info] [Model][doInitialScan] Initial repository scan completed - repositories (5), closed repositories (0), parent repositories (0), unsafe repositories (0)
2024-10-06 06:37:24.270 [info] > git for-each-ref --format=%(refname)%00%(upstream:short)%00%(objectname)%00%(upstream:track)%00%(upstream:remotename)%00%(upstream:remoteref) refs/heads/main refs/remotes/main [70ms]
2024-10-06 06:37:24.286 [info] > git for-each-ref --format=%(refname)%00%(upstream:short)%00%(objectname)%00%(upstream:track)%00%(upstream:remotename)%00%(upstream:remoteref) refs/heads/master refs/remotes/master [96ms]
2024-10-06 06:37:24.287 [warning] [Git][getBranch] No such branch: master
2024-10-06 06:37:24.319 [info] > git status -z -uall [43ms]
2024-10-06 06:37:24.319 [info] > git status -z -uall [26ms]
2024-10-06 06:37:24.320 [info] > git for-each-ref --sort -committerdate --format %(refname) %(objectname) %(*objectname) [34ms]
2024-10-06 06:37:24.350 [info] > git for-each-ref --format=%(refname)%00%(upstream:short)%00%(objectname)%00%(upstream:track)%00%(upstream:remotename)%00%(upstream:remoteref) refs/heads/main refs/remotes/main [17ms]
2024-10-06 06:37:24.355 [info] > git for-each-ref --sort -committerdate --format %(refname) %(objectname) %(*objectname) [49ms]
2024-10-06 06:37:24.367 [info] > git config --local branch.main.vscode-merge-base [12ms]
2024-10-06 06:37:24.367 [warning] [Git][config] git config failed: Failed to execute git
2024-10-06 06:37:24.372 [info] > git config --get commit.template [24ms]
2024-10-06 06:37:24.387 [info] [Git][getRemotes] No remotes found in the git config file
2024-10-06 06:37:24.388 [info] > git reflog main --grep-reflog=branch: Created from *. [17ms]
2024-10-06 06:37:24.395 [info] > git for-each-ref --format=%(refname)%00%(upstream:short)%00%(objectname)%00%(upstream:track)%00%(upstream:remotename)%00%(upstream:remoteref) refs/heads/main refs/remotes/main [9ms]
2024-10-06 06:37:24.409 [info] > git status -z -uall [8ms]
2024-10-06 06:37:24.411 [info] > git symbolic-ref --short refs/remotes/origin/HEAD [19ms]
2024-10-06 06:37:24.411 [info] fatal: ref refs/remotes/origin/HEAD is not a symbolic ref
2024-10-06 06:37:24.411 [warning] [Repository][getDefaultBranch] Failed to get default branch details: Failed to execute git.
2024-10-06 06:37:24.422 [info] > git for-each-ref --sort -committerdate --format %(refname) %(objectname) %(*objectname) [15ms]
2024-10-06 06:37:24.651 [info] > git check-ignore -v -z --stdin [20ms]
2024-10-06 06:37:24.651 [info] > git check-ignore -v -z --stdin [8ms]
2024-10-06 06:37:24.653 [info] > git check-ignore -v -z --stdin [29ms]
2024-10-06 06:37:24.654 [info] > git check-ignore -v -z --stdin [6ms]
2024-10-06 06:37:24.660 [info] > git check-ignore -v -z --stdin [22ms]
2024-10-06 06:37:37.752 [info] > git fetch [20ms]
2024-10-06 06:37:37.760 [info] > git fetch [45ms]
2024-10-06 06:37:37.770 [info] > git config --get commit.template [11ms]
2024-10-06 06:37:37.780 [info] [Git][getRemotes] No remotes found in the git config file
2024-10-06 06:37:37.783 [info] > git config --get commit.template [14ms]
2024-10-06 06:37:37.789 [info] [Git][getRemotes] No remotes found in the git config file
2024-10-06 06:37:37.790 [info] > git for-each-ref --format=%(refname)%00%(upstream:short)%00%(objectname)%00%(upstream:track)%00%(upstream:remotename)%00%(upstream:remoteref) refs/heads/main refs/remotes/main [10ms]
2024-10-06 06:37:37.809 [info] > git status -z -uall [9ms]
2024-10-06 06:37:37.811 [info] > git for-each-ref --format=%(refname)%00%(upstream:short)%00%(objectname)%00%(upstream:track)%00%(upstream:remotename)%00%(upstream:remoteref) refs/heads/master refs/remotes/master [22ms]
2024-10-06 06:37:37.811 [warning] [Git][getBranch] No such branch: master
2024-10-06 06:37:37.835 [info] > git status -z -uall [17ms]
2024-10-06 06:37:37.836 [info] > git for-each-ref --sort -committerdate --format %(refname) %(objectname) %(*objectname) [11ms]
2024-10-06 06:37:37.841 [info] > git for-each-ref --sort -committerdate --format %(refname) %(objectname) %(*objectname) [36ms]
2024-10-06 06:37:48.816 [info] > git check-ignore -v -z --stdin [34ms]
2024-10-06 06:38:00.165 [info] > git check-ignore -v -z --stdin [4ms]
