2024-10-20 09:19:00.889 [info] [main] Log level: Info
2024-10-20 09:19:00.889 [info] [main] Validating found git in: "git"
2024-10-20 09:19:00.889 [info] [main] Using git "2.47.0" from "git"
2024-10-20 09:19:00.889 [info] [Model][doInitialScan] Initial repository scan started
2024-10-20 09:19:00.889 [info] > git rev-parse --show-toplevel [13ms]
2024-10-20 09:19:00.889 [info] > git rev-parse --git-dir --git-common-dir [12ms]
2024-10-20 09:19:00.889 [info] [Model][openRepository] Opened repository: /home/yonatancarrillo/portafolio-personal/introduccion/javascript/javascript_desde_cero
2024-10-20 09:19:00.889 [info] [Model][doInitialScan] Initial repository scan completed - repositories (1), closed repositories (0), parent repositories (0), unsafe repositories (0)
2024-10-20 09:19:00.905 [info] > git config --get commit.template [7ms]
2024-10-20 09:19:00.951 [info] > git for-each-ref --format=%(refname)%00%(upstream:short)%00%(objectname)%00%(upstream:track)%00%(upstream:remotename)%00%(upstream:remoteref) refs/heads/main refs/remotes/main [39ms]
2024-10-20 09:19:00.951 [warning] [Git][getBranch] No such branch: main
2024-10-20 09:19:00.974 [info] > git status -z -uall [15ms]
2024-10-20 09:19:01.003 [info] > git for-each-ref --sort -committerdate --format %(refname) %(objectname) %(*objectname) [37ms]
2024-10-20 09:19:01.055 [info] > git for-each-ref --format=%(refname)%00%(upstream:short)%00%(objectname)%00%(upstream:track)%00%(upstream:remotename)%00%(upstream:remoteref) refs/heads/main refs/remotes/main [41ms]
2024-10-20 09:19:01.056 [warning] [Git][getBranch] No such branch: main
2024-10-20 09:19:01.057 [error] [GitHistoryProvider][resolveHEADMergeBase] Failed to resolve merge base for main: Error: No such branch: main.
2024-10-20 09:19:01.072 [info] > git config --get commit.template [41ms]
2024-10-20 09:19:01.085 [info] > git for-each-ref --format=%(refname)%00%(upstream:short)%00%(objectname)%00%(upstream:track)%00%(upstream:remotename)%00%(upstream:remoteref) refs/heads/main refs/remotes/main [5ms]
2024-10-20 09:19:01.085 [warning] [Git][getBranch] No such branch: main
2024-10-20 09:19:01.126 [info] > git status -z -uall [26ms]
2024-10-20 09:19:01.126 [info] > git for-each-ref --sort -committerdate --format %(refname) %(objectname) %(*objectname) [18ms]
2024-10-20 09:19:01.735 [info] > git fetch [861ms]
2024-10-20 09:19:01.735 [info] Missing or invalid credentials.
Skip silent fetch commands
git@github.com: Permission denied (publickey).
fatal: Could not read from remote repository.

Please make sure you have the correct access rights
and the repository exists.
2024-10-20 09:19:01.752 [info] > git config --get commit.template [8ms]
2024-10-20 09:19:01.753 [info] > git for-each-ref --format=%(refname)%00%(upstream:short)%00%(objectname)%00%(upstream:track)%00%(upstream:remotename)%00%(upstream:remoteref) refs/heads/main refs/remotes/main [4ms]
2024-10-20 09:19:01.753 [warning] [Git][getBranch] No such branch: main
2024-10-20 09:19:01.769 [info] > git status -z -uall [10ms]
2024-10-20 09:19:01.771 [info] > git for-each-ref --sort -committerdate --format %(refname) %(objectname) %(*objectname) [8ms]
2024-10-20 09:20:50.727 [info] > git config --get commit.template [22ms]
2024-10-20 09:20:50.729 [info] > git for-each-ref --format=%(refname)%00%(upstream:short)%00%(objectname)%00%(upstream:track)%00%(upstream:remotename)%00%(upstream:remoteref) refs/heads/main refs/remotes/main [5ms]
2024-10-20 09:20:50.729 [warning] [Git][getBranch] No such branch: main
2024-10-20 09:20:50.756 [info] > git status -z -uall [16ms]
2024-10-20 09:20:50.760 [info] > git for-each-ref --sort -committerdate --format %(refname) %(objectname) %(*objectname) [8ms]
2024-10-20 09:20:59.421 [info] > git check-ignore -v -z --stdin [6ms]
2024-10-20 09:21:00.036 [info] > git config --get commit.template [18ms]
2024-10-20 09:21:00.038 [info] > git for-each-ref --format=%(refname)%00%(upstream:short)%00%(objectname)%00%(upstream:track)%00%(upstream:remotename)%00%(upstream:remoteref) refs/heads/main refs/remotes/main [3ms]
2024-10-20 09:21:00.038 [warning] [Git][getBranch] No such branch: main
2024-10-20 09:21:00.070 [info] > git status -z -uall [20ms]
2024-10-20 09:21:00.077 [info] > git for-each-ref --sort -committerdate --format %(refname) %(objectname) %(*objectname) [10ms]
