2024-10-05 21:30:16.959 [info] Extension host with pid 25480 started
2024-10-05 21:30:16.959 [error] Error: EEXIST: file already exists, open '/home/yonatancarrillo/.vscode-server/data/User/workspaceStorage/72c103ca3551871982f8d0f548006736/vscode.lock'
2024-10-05 21:30:16.990 [info] Lock '/home/yonatancarrillo/.vscode-server/data/User/workspaceStorage/72c103ca3551871982f8d0f548006736/vscode.lock': Could not acquire lock, checking if the file is stale.
2024-10-05 21:30:17.009 [info] ExtensionService#_doActivateExtension vscode.tunnel-forwarding, startup: false, activationEvent: 'onTunnel'
2024-10-05 21:30:17.033 [info] Lock '/home/yonatancarrillo/.vscode-server/data/User/workspaceStorage/72c103ca3551871982f8d0f548006736/vscode.lock': The pid 7707 appears to be gone.
2024-10-05 21:30:17.033 [info] Lock '/home/yonatancarrillo/.vscode-server/data/User/workspaceStorage/72c103ca3551871982f8d0f548006736/vscode.lock': Deleting a stale lock.
2024-10-05 21:30:17.107 [info] Lock '/home/yonatancarrillo/.vscode-server/data/User/workspaceStorage/72c103ca3551871982f8d0f548006736/vscode.lock': Lock acquired.
2024-10-05 21:30:17.180 [info] ExtensionService#_doActivateExtension vscode.git-base, startup: true, activationEvent: '*', root cause: vscode.git
2024-10-05 21:30:17.344 [info] ExtensionService#_doActivateExtension vscode.git, startup: true, activationEvent: '*'
2024-10-05 21:30:17.345 [info] ExtensionService#_doActivateExtension vscode.github, startup: true, activationEvent: '*'
2024-10-05 21:30:18.356 [info] Eager extensions activated
2024-10-05 21:30:18.357 [info] ExtensionService#_doActivateExtension vscode.debug-auto-launch, startup: false, activationEvent: 'onStartupFinished'
2024-10-05 21:30:18.358 [info] ExtensionService#_doActivateExtension vscode.merge-conflict, startup: false, activationEvent: 'onStartupFinished'
2024-10-05 21:30:18.634 [info] ExtensionService#_doActivateExtension vscode.emmet, startup: false, activationEvent: 'onLanguage'
2024-10-05 21:30:20.055 [warning] [Decorations] CAPPING events from decorations provider vscode.git 8036
2024-10-05 21:30:46.967 [warning] [Decorations] CAPPING events from decorations provider vscode.git 8037
2024-10-05 21:30:52.303 [warning] [Decorations] CAPPING events from decorations provider vscode.git 8037
2024-10-05 21:30:57.602 [warning] [Decorations] CAPPING events from decorations provider vscode.git 8037
2024-10-05 21:31:02.912 [warning] [Decorations] CAPPING events from decorations provider vscode.git 8037
2024-10-05 21:31:06.744 [info] ExtensionService#_doActivateExtension vscode.html-language-features, startup: false, activationEvent: 'onLanguage:html'
2024-10-05 21:31:08.257 [warning] [Decorations] CAPPING events from decorations provider vscode.git 8039
2024-10-05 21:31:13.577 [warning] [Decorations] CAPPING events from decorations provider vscode.git 8038
2024-10-05 21:31:18.876 [warning] [Decorations] CAPPING events from decorations provider vscode.git 8038
2024-10-05 21:31:24.305 [warning] [Decorations] CAPPING events from decorations provider vscode.git 8038
2024-10-05 21:31:29.639 [warning] [Decorations] CAPPING events from decorations provider vscode.git 8038
2024-10-05 21:31:34.945 [warning] [Decorations] CAPPING events from decorations provider vscode.git 8038
2024-10-05 21:31:40.248 [warning] [Decorations] CAPPING events from decorations provider vscode.git 8038
2024-10-05 21:31:45.561 [warning] [Decorations] CAPPING events from decorations provider vscode.git 8038
2024-10-05 21:31:50.876 [warning] [Decorations] CAPPING events from decorations provider vscode.git 8038
2024-10-05 21:31:56.546 [warning] [Decorations] CAPPING events from decorations provider vscode.git 8040
2024-10-05 21:32:01.851 [warning] [Decorations] CAPPING events from decorations provider vscode.git 8040
2024-10-05 21:32:07.165 [warning] [Decorations] CAPPING events from decorations provider vscode.git 8040
2024-10-05 21:32:09.072 [info] ExtensionService#_doActivateExtension vscode.css-language-features, startup: false, activationEvent: 'onLanguage:css'
2024-10-05 21:32:12.473 [warning] [Decorations] CAPPING events from decorations provider vscode.git 8041
2024-10-05 21:32:17.785 [warning] [Decorations] CAPPING events from decorations provider vscode.git 8041
2024-10-05 21:32:23.090 [warning] [Decorations] CAPPING events from decorations provider vscode.git 8041
2024-10-05 21:32:28.382 [warning] [Decorations] CAPPING events from decorations provider vscode.git 8041
2024-10-05 21:32:29.480 [info] ExtensionService#_doActivateExtension vscode.typescript-language-features, startup: false, activationEvent: 'onLanguage:javascript'
2024-10-05 21:33:09.390 [warning] [Decorations] CAPPING events from decorations provider vscode.git 8044
2024-10-05 21:33:15.101 [warning] [Decorations] CAPPING events from decorations provider vscode.git 8044
2024-10-05 21:33:20.220 [warning] [Decorations] CAPPING events from decorations provider vscode.git 8046
2024-10-05 21:33:21.543 [warning] [Decorations] CAPPING events from decorations provider vscode.git 8046
2024-10-05 21:33:41.677 [warning] [Decorations] CAPPING events from decorations provider vscode.git 8046
2024-10-05 21:33:47.037 [warning] [Decorations] CAPPING events from decorations provider vscode.git 8046
2024-10-05 21:33:52.366 [warning] [Decorations] CAPPING events from decorations provider vscode.git 8048
2024-10-05 21:33:57.681 [warning] [Decorations] CAPPING events from decorations provider vscode.git 8048
2024-10-05 21:34:03.077 [warning] [Decorations] CAPPING events from decorations provider vscode.git 8048
2024-10-05 21:34:08.391 [warning] [Decorations] CAPPING events from decorations provider vscode.git 8048
2024-10-05 21:34:13.834 [warning] [Decorations] CAPPING events from decorations provider vscode.git 8048
2024-10-05 21:34:19.186 [warning] [Decorations] CAPPING events from decorations provider vscode.git 8048
2024-10-05 21:34:24.545 [warning] [Decorations] CAPPING events from decorations provider vscode.git 8048
2024-10-05 21:34:42.345 [info] ExtensionService#_doActivateExtension ritwickdey.LiveServer, startup: false, activationEvent: 'onStartupFinished'
2024-10-05 22:42:43.154 [info] Extension host terminating: received terminate message from renderer
2024-10-05 22:42:43.160 [info] Lock '/home/yonatancarrillo/.vscode-server/data/User/workspaceStorage/72c103ca3551871982f8d0f548006736/vscode.lock': Marking the lockfile as scheduled to be released in 6000 ms.
2024-10-05 22:42:43.627 [error] Canceled: Canceled
	at new eA (file:///home/yonatancarrillo/.vscode-server/bin/d78a74bcdfad14d5d3b1b782f87255d802b57511/out/vs/workbench/api/node/extensionHostProcess.js:31:151177)
	at Zb.U (file:///home/yonatancarrillo/.vscode-server/bin/d78a74bcdfad14d5d3b1b782f87255d802b57511/out/vs/workbench/api/node/extensionHostProcess.js:31:155789)
	at s.<computed>.n.charCodeAt.s.<computed> (file:///home/yonatancarrillo/.vscode-server/bin/d78a74bcdfad14d5d3b1b782f87255d802b57511/out/vs/workbench/api/node/extensionHostProcess.js:31:153283)
	at T0.g (file:///home/yonatancarrillo/.vscode-server/bin/d78a74bcdfad14d5d3b1b782f87255d802b57511/out/vs/workbench/api/node/extensionHostProcess.js:114:32325)
	at T0.executeCommand (file:///home/yonatancarrillo/.vscode-server/bin/d78a74bcdfad14d5d3b1b782f87255d802b57511/out/vs/workbench/api/node/extensionHostProcess.js:114:31826)
	at r.registerCommand.description (file:///home/yonatancarrillo/.vscode-server/bin/d78a74bcdfad14d5d3b1b782f87255d802b57511/out/vs/workbench/api/node/extensionHostProcess.js:114:31156)
	at T0.h (file:///home/yonatancarrillo/.vscode-server/bin/d78a74bcdfad14d5d3b1b782f87255d802b57511/out/vs/workbench/api/node/extensionHostProcess.js:114:32845)
	at T0.g (file:///home/yonatancarrillo/.vscode-server/bin/d78a74bcdfad14d5d3b1b782f87255d802b57511/out/vs/workbench/api/node/extensionHostProcess.js:114:31919)
	at T0.executeCommand (file:///home/yonatancarrillo/.vscode-server/bin/d78a74bcdfad14d5d3b1b782f87255d802b57511/out/vs/workbench/api/node/extensionHostProcess.js:114:31826)
	at Object.executeCommand (file:///home/yonatancarrillo/.vscode-server/bin/d78a74bcdfad14d5d3b1b782f87255d802b57511/out/vs/workbench/api/node/extensionHostProcess.js:156:37049)
	at gh.O [as value] (/home/yonatancarrillo/.vscode-server/bin/d78a74bcdfad14d5d3b1b782f87255d802b57511/extensions/git/dist/main.js:2:953034)
	at T.B (file:///home/yonatancarrillo/.vscode-server/bin/d78a74bcdfad14d5d3b1b782f87255d802b57511/out/vs/workbench/api/node/extensionHostProcess.js:29:732)
	at T.C (file:///home/yonatancarrillo/.vscode-server/bin/d78a74bcdfad14d5d3b1b782f87255d802b57511/out/vs/workbench/api/node/extensionHostProcess.js:29:802)
	at T.fire (file:///home/yonatancarrillo/.vscode-server/bin/d78a74bcdfad14d5d3b1b782f87255d802b57511/out/vs/workbench/api/node/extensionHostProcess.js:29:1019)
	at Object.p [as dispose] (/home/yonatancarrillo/.vscode-server/bin/d78a74bcdfad14d5d3b1b782f87255d802b57511/extensions/git/dist/main.js:2:973612)
	at /home/yonatancarrillo/.vscode-server/bin/d78a74bcdfad14d5d3b1b782f87255d802b57511/extensions/git/dist/main.js:2:979734
	at Array.forEach (<anonymous>)
	at f.dispose (/home/yonatancarrillo/.vscode-server/bin/d78a74bcdfad14d5d3b1b782f87255d802b57511/extensions/git/dist/main.js:2:979720)
	at D1.<anonymous> (file:///home/yonatancarrillo/.vscode-server/bin/d78a74bcdfad14d5d3b1b782f87255d802b57511/out/vs/workbench/api/node/extensionHostProcess.js:108:19996)
	at D1.dispose (file:///home/yonatancarrillo/.vscode-server/bin/d78a74bcdfad14d5d3b1b782f87255d802b57511/out/vs/workbench/api/node/extensionHostProcess.js:108:20092)
	at D1.<anonymous> (/home/yonatancarrillo/.vscode-server/bin/d78a74bcdfad14d5d3b1b782f87255d802b57511/extensions/git/dist/main.js:2:955332)
	at D1.dispose (file:///home/yonatancarrillo/.vscode-server/bin/d78a74bcdfad14d5d3b1b782f87255d802b57511/out/vs/workbench/api/node/extensionHostProcess.js:108:20092)
	at Si (file:///home/yonatancarrillo/.vscode-server/bin/d78a74bcdfad14d5d3b1b782f87255d802b57511/out/vs/workbench/api/node/extensionHostProcess.js:24:701)
	at file:///home/yonatancarrillo/.vscode-server/bin/d78a74bcdfad14d5d3b1b782f87255d802b57511/out/vs/workbench/api/node/extensionHostProcess.js:118:14995
	at file:///home/yonatancarrillo/.vscode-server/bin/d78a74bcdfad14d5d3b1b782f87255d802b57511/out/vs/workbench/api/node/extensionHostProcess.js:24:1011
	at Object.dispose (file:///home/yonatancarrillo/.vscode-server/bin/d78a74bcdfad14d5d3b1b782f87255d802b57511/out/vs/workbench/api/node/extensionHostProcess.js:7:2146)
	at hB.eb (file:///home/yonatancarrillo/.vscode-server/bin/d78a74bcdfad14d5d3b1b782f87255d802b57511/out/vs/workbench/api/node/extensionHostProcess.js:118:11922)
	at file:///home/yonatancarrillo/.vscode-server/bin/d78a74bcdfad14d5d3b1b782f87255d802b57511/out/vs/workbench/api/node/extensionHostProcess.js:118:9877
	at Array.map (<anonymous>)
	at hB.$ (file:///home/yonatancarrillo/.vscode-server/bin/d78a74bcdfad14d5d3b1b782f87255d802b57511/out/vs/workbench/api/node/extensionHostProcess.js:118:9865)
	at hB.terminate (file:///home/yonatancarrillo/.vscode-server/bin/d78a74bcdfad14d5d3b1b782f87255d802b57511/out/vs/workbench/api/node/extensionHostProcess.js:118:10108)
	at M3.terminate (file:///home/yonatancarrillo/.vscode-server/bin/d78a74bcdfad14d5d3b1b782f87255d802b57511/out/vs/workbench/api/node/extensionHostProcess.js:119:1424)
	at ps (file:///home/yonatancarrillo/.vscode-server/bin/d78a74bcdfad14d5d3b1b782f87255d802b57511/out/vs/workbench/api/node/extensionHostProcess.js:174:15058)
	at gh.value (file:///home/yonatancarrillo/.vscode-server/bin/d78a74bcdfad14d5d3b1b782f87255d802b57511/out/vs/workbench/api/node/extensionHostProcess.js:174:13218)
	at T.B (file:///home/yonatancarrillo/.vscode-server/bin/d78a74bcdfad14d5d3b1b782f87255d802b57511/out/vs/workbench/api/node/extensionHostProcess.js:29:732)
	at T.fire (file:///home/yonatancarrillo/.vscode-server/bin/d78a74bcdfad14d5d3b1b782f87255d802b57511/out/vs/workbench/api/node/extensionHostProcess.js:29:950)
	at no.fire (file:///home/yonatancarrillo/.vscode-server/bin/d78a74bcdfad14d5d3b1b782f87255d802b57511/out/vs/workbench/api/node/extensionHostProcess.js:31:9399)
	at Im.A (file:///home/yonatancarrillo/.vscode-server/bin/d78a74bcdfad14d5d3b1b782f87255d802b57511/out/vs/workbench/api/node/extensionHostProcess.js:31:12515)
	at gh.value (file:///home/yonatancarrillo/.vscode-server/bin/d78a74bcdfad14d5d3b1b782f87255d802b57511/out/vs/workbench/api/node/extensionHostProcess.js:31:10935)
	at T.B (file:///home/yonatancarrillo/.vscode-server/bin/d78a74bcdfad14d5d3b1b782f87255d802b57511/out/vs/workbench/api/node/extensionHostProcess.js:29:732)
	at T.fire (file:///home/yonatancarrillo/.vscode-server/bin/d78a74bcdfad14d5d3b1b782f87255d802b57511/out/vs/workbench/api/node/extensionHostProcess.js:29:950)
	at m5.acceptChunk (file:///home/yonatancarrillo/.vscode-server/bin/d78a74bcdfad14d5d3b1b782f87255d802b57511/out/vs/workbench/api/node/extensionHostProcess.js:31:7880)
	at gh.value (file:///home/yonatancarrillo/.vscode-server/bin/d78a74bcdfad14d5d3b1b782f87255d802b57511/out/vs/workbench/api/node/extensionHostProcess.js:31:7166)
	at T.B (file:///home/yonatancarrillo/.vscode-server/bin/d78a74bcdfad14d5d3b1b782f87255d802b57511/out/vs/workbench/api/node/extensionHostProcess.js:29:732)
	at T.fire (file:///home/yonatancarrillo/.vscode-server/bin/d78a74bcdfad14d5d3b1b782f87255d802b57511/out/vs/workbench/api/node/extensionHostProcess.js:29:950)
	at _2.z (file:///home/yonatancarrillo/.vscode-server/bin/d78a74bcdfad14d5d3b1b782f87255d802b57511/out/vs/workbench/api/node/extensionHostProcess.js:31:21892)
	at _2.acceptFrame (file:///home/yonatancarrillo/.vscode-server/bin/d78a74bcdfad14d5d3b1b782f87255d802b57511/out/vs/workbench/api/node/extensionHostProcess.js:31:21698)
	at z2.n (file:///home/yonatancarrillo/.vscode-server/bin/d78a74bcdfad14d5d3b1b782f87255d802b57511/out/vs/workbench/api/node/extensionHostProcess.js:31:20224)
	at file:///home/yonatancarrillo/.vscode-server/bin/d78a74bcdfad14d5d3b1b782f87255d802b57511/out/vs/workbench/api/node/extensionHostProcess.js:31:17454
	at Socket.t (file:///home/yonatancarrillo/.vscode-server/bin/d78a74bcdfad14d5d3b1b782f87255d802b57511/out/vs/workbench/api/node/extensionHostProcess.js:31:15393)
	at Socket.emit (node:events:519:28)
	at addChunk (node:internal/streams/readable:559:12)
	at readableAddChunkPushByteMode (node:internal/streams/readable:510:3)
	at Readable.push (node:internal/streams/readable:390:5)
	at TCP.onStreamRead (node:internal/stream_base_commons:191:23) setContext undefined
2024-10-05 22:42:43.642 [error] Canceled: Canceled
	at new eA (file:///home/yonatancarrillo/.vscode-server/bin/d78a74bcdfad14d5d3b1b782f87255d802b57511/out/vs/workbench/api/node/extensionHostProcess.js:31:151177)
	at Zb.U (file:///home/yonatancarrillo/.vscode-server/bin/d78a74bcdfad14d5d3b1b782f87255d802b57511/out/vs/workbench/api/node/extensionHostProcess.js:31:155789)
	at s.<computed>.n.charCodeAt.s.<computed> (file:///home/yonatancarrillo/.vscode-server/bin/d78a74bcdfad14d5d3b1b782f87255d802b57511/out/vs/workbench/api/node/extensionHostProcess.js:31:153283)
	at T0.g (file:///home/yonatancarrillo/.vscode-server/bin/d78a74bcdfad14d5d3b1b782f87255d802b57511/out/vs/workbench/api/node/extensionHostProcess.js:114:32325)
	at T0.executeCommand (file:///home/yonatancarrillo/.vscode-server/bin/d78a74bcdfad14d5d3b1b782f87255d802b57511/out/vs/workbench/api/node/extensionHostProcess.js:114:31826)
	at r.registerCommand.description (file:///home/yonatancarrillo/.vscode-server/bin/d78a74bcdfad14d5d3b1b782f87255d802b57511/out/vs/workbench/api/node/extensionHostProcess.js:114:31156)
	at T0.h (file:///home/yonatancarrillo/.vscode-server/bin/d78a74bcdfad14d5d3b1b782f87255d802b57511/out/vs/workbench/api/node/extensionHostProcess.js:114:32845)
	at T0.g (file:///home/yonatancarrillo/.vscode-server/bin/d78a74bcdfad14d5d3b1b782f87255d802b57511/out/vs/workbench/api/node/extensionHostProcess.js:114:31919)
	at T0.executeCommand (file:///home/yonatancarrillo/.vscode-server/bin/d78a74bcdfad14d5d3b1b782f87255d802b57511/out/vs/workbench/api/node/extensionHostProcess.js:114:31826)
	at Object.executeCommand (file:///home/yonatancarrillo/.vscode-server/bin/d78a74bcdfad14d5d3b1b782f87255d802b57511/out/vs/workbench/api/node/extensionHostProcess.js:156:37049)
	at set hasGitHubRepositories [as hasGitHubRepositories] (/home/yonatancarrillo/.vscode-server/bin/d78a74bcdfad14d5d3b1b782f87255d802b57511/extensions/github/dist/extension.js:2:321578)
	at /home/yonatancarrillo/.vscode-server/bin/d78a74bcdfad14d5d3b1b782f87255d802b57511/extensions/github/dist/extension.js:2:322537
	at gh.value (/home/yonatancarrillo/.vscode-server/bin/d78a74bcdfad14d5d3b1b782f87255d802b57511/extensions/git/dist/main.js:2:1061875)
	at T.B (file:///home/yonatancarrillo/.vscode-server/bin/d78a74bcdfad14d5d3b1b782f87255d802b57511/out/vs/workbench/api/node/extensionHostProcess.js:29:732)
	at T.C (file:///home/yonatancarrillo/.vscode-server/bin/d78a74bcdfad14d5d3b1b782f87255d802b57511/out/vs/workbench/api/node/extensionHostProcess.js:29:802)
	at T.fire (file:///home/yonatancarrillo/.vscode-server/bin/d78a74bcdfad14d5d3b1b782f87255d802b57511/out/vs/workbench/api/node/extensionHostProcess.js:29:1019)
	at Object.p [as dispose] (/home/yonatancarrillo/.vscode-server/bin/d78a74bcdfad14d5d3b1b782f87255d802b57511/extensions/git/dist/main.js:2:973612)
	at /home/yonatancarrillo/.vscode-server/bin/d78a74bcdfad14d5d3b1b782f87255d802b57511/extensions/git/dist/main.js:2:979734
	at Array.forEach (<anonymous>)
	at f.dispose (/home/yonatancarrillo/.vscode-server/bin/d78a74bcdfad14d5d3b1b782f87255d802b57511/extensions/git/dist/main.js:2:979720)
	at D1.<anonymous> (file:///home/yonatancarrillo/.vscode-server/bin/d78a74bcdfad14d5d3b1b782f87255d802b57511/out/vs/workbench/api/node/extensionHostProcess.js:108:19996)
	at D1.dispose (file:///home/yonatancarrillo/.vscode-server/bin/d78a74bcdfad14d5d3b1b782f87255d802b57511/out/vs/workbench/api/node/extensionHostProcess.js:108:20092)
	at D1.<anonymous> (/home/yonatancarrillo/.vscode-server/bin/d78a74bcdfad14d5d3b1b782f87255d802b57511/extensions/git/dist/main.js:2:955332)
	at D1.dispose (file:///home/yonatancarrillo/.vscode-server/bin/d78a74bcdfad14d5d3b1b782f87255d802b57511/out/vs/workbench/api/node/extensionHostProcess.js:108:20092)
	at Si (file:///home/yonatancarrillo/.vscode-server/bin/d78a74bcdfad14d5d3b1b782f87255d802b57511/out/vs/workbench/api/node/extensionHostProcess.js:24:701)
	at file:///home/yonatancarrillo/.vscode-server/bin/d78a74bcdfad14d5d3b1b782f87255d802b57511/out/vs/workbench/api/node/extensionHostProcess.js:118:14995
	at file:///home/yonatancarrillo/.vscode-server/bin/d78a74bcdfad14d5d3b1b782f87255d802b57511/out/vs/workbench/api/node/extensionHostProcess.js:24:1011
	at Object.dispose (file:///home/yonatancarrillo/.vscode-server/bin/d78a74bcdfad14d5d3b1b782f87255d802b57511/out/vs/workbench/api/node/extensionHostProcess.js:7:2146)
	at hB.eb (file:///home/yonatancarrillo/.vscode-server/bin/d78a74bcdfad14d5d3b1b782f87255d802b57511/out/vs/workbench/api/node/extensionHostProcess.js:118:11922)
	at file:///home/yonatancarrillo/.vscode-server/bin/d78a74bcdfad14d5d3b1b782f87255d802b57511/out/vs/workbench/api/node/extensionHostProcess.js:118:9877
	at Array.map (<anonymous>)
	at hB.$ (file:///home/yonatancarrillo/.vscode-server/bin/d78a74bcdfad14d5d3b1b782f87255d802b57511/out/vs/workbench/api/node/extensionHostProcess.js:118:9865)
	at hB.terminate (file:///home/yonatancarrillo/.vscode-server/bin/d78a74bcdfad14d5d3b1b782f87255d802b57511/out/vs/workbench/api/node/extensionHostProcess.js:118:10108)
	at M3.terminate (file:///home/yonatancarrillo/.vscode-server/bin/d78a74bcdfad14d5d3b1b782f87255d802b57511/out/vs/workbench/api/node/extensionHostProcess.js:119:1424)
	at ps (file:///home/yonatancarrillo/.vscode-server/bin/d78a74bcdfad14d5d3b1b782f87255d802b57511/out/vs/workbench/api/node/extensionHostProcess.js:174:15058)
	at gh.value (file:///home/yonatancarrillo/.vscode-server/bin/d78a74bcdfad14d5d3b1b782f87255d802b57511/out/vs/workbench/api/node/extensionHostProcess.js:174:13218)
	at T.B (file:///home/yonatancarrillo/.vscode-server/bin/d78a74bcdfad14d5d3b1b782f87255d802b57511/out/vs/workbench/api/node/extensionHostProcess.js:29:732)
	at T.fire (file:///home/yonatancarrillo/.vscode-server/bin/d78a74bcdfad14d5d3b1b782f87255d802b57511/out/vs/workbench/api/node/extensionHostProcess.js:29:950)
	at no.fire (file:///home/yonatancarrillo/.vscode-server/bin/d78a74bcdfad14d5d3b1b782f87255d802b57511/out/vs/workbench/api/node/extensionHostProcess.js:31:9399)
	at Im.A (file:///home/yonatancarrillo/.vscode-server/bin/d78a74bcdfad14d5d3b1b782f87255d802b57511/out/vs/workbench/api/node/extensionHostProcess.js:31:12515)
	at gh.value (file:///home/yonatancarrillo/.vscode-server/bin/d78a74bcdfad14d5d3b1b782f87255d802b57511/out/vs/workbench/api/node/extensionHostProcess.js:31:10935)
	at T.B (file:///home/yonatancarrillo/.vscode-server/bin/d78a74bcdfad14d5d3b1b782f87255d802b57511/out/vs/workbench/api/node/extensionHostProcess.js:29:732)
	at T.fire (file:///home/yonatancarrillo/.vscode-server/bin/d78a74bcdfad14d5d3b1b782f87255d802b57511/out/vs/workbench/api/node/extensionHostProcess.js:29:950)
	at m5.acceptChunk (file:///home/yonatancarrillo/.vscode-server/bin/d78a74bcdfad14d5d3b1b782f87255d802b57511/out/vs/workbench/api/node/extensionHostProcess.js:31:7880)
	at gh.value (file:///home/yonatancarrillo/.vscode-server/bin/d78a74bcdfad14d5d3b1b782f87255d802b57511/out/vs/workbench/api/node/extensionHostProcess.js:31:7166)
	at T.B (file:///home/yonatancarrillo/.vscode-server/bin/d78a74bcdfad14d5d3b1b782f87255d802b57511/out/vs/workbench/api/node/extensionHostProcess.js:29:732)
	at T.fire (file:///home/yonatancarrillo/.vscode-server/bin/d78a74bcdfad14d5d3b1b782f87255d802b57511/out/vs/workbench/api/node/extensionHostProcess.js:29:950)
	at _2.z (file:///home/yonatancarrillo/.vscode-server/bin/d78a74bcdfad14d5d3b1b782f87255d802b57511/out/vs/workbench/api/node/extensionHostProcess.js:31:21892)
	at _2.acceptFrame (file:///home/yonatancarrillo/.vscode-server/bin/d78a74bcdfad14d5d3b1b782f87255d802b57511/out/vs/workbench/api/node/extensionHostProcess.js:31:21698)
	at z2.n (file:///home/yonatancarrillo/.vscode-server/bin/d78a74bcdfad14d5d3b1b782f87255d802b57511/out/vs/workbench/api/node/extensionHostProcess.js:31:20224)
	at file:///home/yonatancarrillo/.vscode-server/bin/d78a74bcdfad14d5d3b1b782f87255d802b57511/out/vs/workbench/api/node/extensionHostProcess.js:31:17454
	at Socket.t (file:///home/yonatancarrillo/.vscode-server/bin/d78a74bcdfad14d5d3b1b782f87255d802b57511/out/vs/workbench/api/node/extensionHostProcess.js:31:15393)
	at Socket.emit (node:events:519:28)
	at addChunk (node:internal/streams/readable:559:12)
	at readableAddChunkPushByteMode (node:internal/streams/readable:510:3)
	at Readable.push (node:internal/streams/readable:390:5)
	at TCP.onStreamRead (node:internal/stream_base_commons:191:23) setContext undefined
2024-10-05 22:42:43.679 [info] Extension host with pid 25480 exiting with code 0
