2024-10-05 21:12:36.863 [info] [main] Log level: Info
2024-10-05 21:12:36.863 [info] [main] Validating found git in: "git"
2024-10-05 21:12:36.863 [info] [main] Using git "2.43.0" from "git"
2024-10-05 21:12:36.863 [info] [Model][doInitialScan] Initial repository scan started
2024-10-05 21:12:36.863 [info] > git rev-parse --show-toplevel [15ms]
2024-10-05 21:12:36.863 [info] > git rev-parse --git-dir --git-common-dir [10ms]
2024-10-05 21:12:36.863 [info] [Model][openRepository] Opened repository: /home/yonatancarrillo
2024-10-05 21:12:36.866 [info] > git rev-parse --show-toplevel [8ms]
2024-10-05 21:12:36.874 [info] [Model][doInitialScan] Initial repository scan completed - repositories (1), closed repositories (0), parent repositories (0), unsafe repositories (0)
2024-10-05 21:12:36.877 [info] > git config --get commit.template [22ms]
2024-10-05 21:12:36.950 [info] > git for-each-ref --format=%(refname)%00%(upstream:short)%00%(objectname)%00%(upstream:track)%00%(upstream:remotename)%00%(upstream:remoteref) refs/heads/main refs/remotes/main [28ms]
2024-10-05 21:12:36.976 [info] > git for-each-ref --sort -committerdate --format %(refname) %(objectname) %(*objectname) [10ms]
2024-10-05 21:12:37.441 [info] > git check-ignore -v -z --stdin [6ms]
2024-10-05 21:12:37.679 [info] > git fetch [835ms]
2024-10-05 21:12:37.680 [info] Missing or invalid credentials.
Skip silent fetch commands
Host key verification failed.
fatal: Could not read from remote repository.

Please make sure you have the correct access rights
and the repository exists.
2024-10-05 21:12:37.909 [info] > git status -z -uall [949ms] (cancelled)
2024-10-05 21:12:37.911 [info] > git for-each-ref --format=%(refname)%00%(upstream:short)%00%(objectname)%00%(upstream:track)%00%(upstream:remotename)%00%(upstream:remoteref) refs/heads/main refs/remotes/main [179ms]
2024-10-05 21:12:37.976 [info] > git config --local branch.main.vscode-merge-base [37ms]
2024-10-05 21:12:37.978 [warning] [Git][config] git config failed: Failed to execute git
2024-10-05 21:12:37.996 [info] > git config --get commit.template [103ms]
2024-10-05 21:12:37.996 [info] > git config --get commit.template [171ms]
2024-10-05 21:12:38.037 [info] > git for-each-ref --format=%(refname)%00%(upstream:short)%00%(objectname)%00%(upstream:track)%00%(upstream:remotename)%00%(upstream:remoteref) refs/heads/main refs/remotes/main [16ms]
2024-10-05 21:12:38.039 [info] > git reflog main --grep-reflog=branch: Created from *. [45ms]
2024-10-05 21:12:38.053 [info] > git for-each-ref --format=%(refname)%00%(upstream:short)%00%(objectname)%00%(upstream:track)%00%(upstream:remotename)%00%(upstream:remoteref) refs/heads/main refs/remotes/main [21ms]
2024-10-05 21:12:38.074 [info] > git symbolic-ref --short refs/remotes/origin/HEAD [25ms]
2024-10-05 21:12:38.075 [info] fatal: ref refs/remotes/origin/HEAD is not a symbolic ref
2024-10-05 21:12:38.075 [warning] [Repository][getDefaultBranch] Failed to get default branch details: Failed to execute git.
2024-10-05 21:12:38.095 [info] > git for-each-ref --format=%(refname)%00%(upstream:short)%00%(objectname)%00%(upstream:track)%00%(upstream:remotename)%00%(upstream:remoteref) refs/heads/main refs/remotes/main [24ms]
2024-10-05 21:12:38.153 [info] > git merge-base refs/heads/main refs/remotes/origin/main [62ms]
2024-10-05 21:12:38.170 [info] > git for-each-ref --sort -committerdate --format %(refname) %(objectname) %(*objectname) [26ms]
2024-10-05 21:12:38.173 [info] > git config --local branch.main.vscode-merge-base [60ms]
2024-10-05 21:12:38.173 [warning] [Git][config] git config failed: Failed to execute git
2024-10-05 21:12:38.189 [info] > git diff --name-status -z --diff-filter=ADMR 49e58478b4d04713056e6d6b8c3c8eab88ffeca5...refs/remotes/origin/main [29ms]
2024-10-05 21:12:38.192 [info] > git reflog main --grep-reflog=branch: Created from *. [9ms]
2024-10-05 21:12:38.216 [info] > git symbolic-ref --short refs/remotes/origin/HEAD [2ms]
2024-10-05 21:12:38.216 [info] fatal: ref refs/remotes/origin/HEAD is not a symbolic ref
2024-10-05 21:12:38.225 [warning] [Repository][getDefaultBranch] Failed to get default branch details: Failed to execute git.
2024-10-05 21:12:42.035 [info] > git status -z -uall [3909ms] (cancelled)
2024-10-05 21:13:45.642 [info] > git check-ignore -v -z --stdin [3ms]
