2024-10-06 06:32:58.474 [info] [main] Log level: Info
2024-10-06 06:32:58.474 [info] [main] Validating found git in: "git"
2024-10-06 06:32:58.474 [info] [main] Using git "2.43.0" from "git"
2024-10-06 06:32:58.475 [info] [Model][doInitialScan] Initial repository scan started
2024-10-06 06:32:58.475 [info] > git rev-parse --show-toplevel [139ms]
2024-10-06 06:32:58.478 [info] > git rev-parse --git-dir --git-common-dir [15ms]
2024-10-06 06:32:58.512 [info] [Model][openRepository] Opened repository: /home/yonatancarrillo
2024-10-06 06:32:58.548 [info] > git rev-parse --show-toplevel [4ms]
2024-10-06 06:32:58.565 [info] [Model][doInitialScan] Initial repository scan completed - repositories (1), closed repositories (0), parent repositories (0), unsafe repositories (0)
2024-10-06 06:32:58.578 [info] > git config --get commit.template [43ms]
2024-10-06 06:32:58.732 [info] > git for-each-ref --format=%(refname)%00%(upstream:short)%00%(objectname)%00%(upstream:track)%00%(upstream:remotename)%00%(upstream:remoteref) refs/heads/main refs/remotes/main [55ms]
2024-10-06 06:32:58.756 [warning] [Git][revParse] Unable to read file: ENOENT: no such file or directory, open '/home/yonatancarrillo/.git/refs/remotes/origin/main'
2024-10-06 06:32:58.759 [info] > git rev-parse refs/remotes/origin/main [3ms]
2024-10-06 06:32:58.947 [info] > git for-each-ref --sort -committerdate --format %(refname) %(objectname) %(*objectname) [163ms]
2024-10-06 06:32:59.245 [info] > git check-ignore -v -z --stdin [116ms]
2024-10-06 06:32:59.362 [info] > git fetch [850ms]
2024-10-06 06:32:59.362 [info] Missing or invalid credentials.
Skip silent fetch commands
Host key verification failed.
fatal: Could not read from remote repository.

Please make sure you have the correct access rights
and the repository exists.
2024-10-06 06:32:59.411 [info] > git status -z -uall [636ms] (cancelled)
2024-10-06 06:32:59.412 [info] > git for-each-ref --format=%(refname)%00%(upstream:short)%00%(objectname)%00%(upstream:track)%00%(upstream:remotename)%00%(upstream:remoteref) refs/heads/main refs/remotes/main [24ms]
2024-10-06 06:32:59.442 [info] > git config --local branch.main.vscode-merge-base [14ms]
2024-10-06 06:32:59.442 [warning] [Git][config] git config failed: Failed to execute git
2024-10-06 06:32:59.457 [info] > git config --get commit.template [47ms]
2024-10-06 06:32:59.458 [info] > git config --get commit.template [61ms]
2024-10-06 06:32:59.478 [info] > git for-each-ref --format=%(refname)%00%(upstream:short)%00%(objectname)%00%(upstream:track)%00%(upstream:remotename)%00%(upstream:remoteref) refs/heads/main refs/remotes/main [15ms]
2024-10-06 06:32:59.479 [info] > git reflog main --grep-reflog=branch: Created from *. [23ms]
2024-10-06 06:32:59.490 [warning] [Git][revParse] Unable to read file: ENOENT: no such file or directory, open '/home/yonatancarrillo/.git/refs/remotes/origin/main'
2024-10-06 06:32:59.491 [info] > git for-each-ref --format=%(refname)%00%(upstream:short)%00%(objectname)%00%(upstream:track)%00%(upstream:remotename)%00%(upstream:remoteref) refs/heads/main refs/remotes/main [19ms]
2024-10-06 06:32:59.498 [info] > git rev-parse refs/remotes/origin/main [8ms]
2024-10-06 06:32:59.517 [info] > git symbolic-ref --short refs/remotes/origin/HEAD [34ms]
2024-10-06 06:32:59.517 [info] fatal: ref refs/remotes/origin/HEAD is not a symbolic ref
2024-10-06 06:32:59.517 [warning] [Repository][getDefaultBranch] Failed to get default branch details: Failed to execute git.
2024-10-06 06:32:59.546 [warning] [Git][revParse] Unable to read file: ENOENT: no such file or directory, open '/home/yonatancarrillo/.git/refs/remotes/origin/main'
2024-10-06 06:32:59.547 [info] > git merge-base refs/heads/main refs/remotes/origin/main [12ms]
2024-10-06 06:32:59.553 [info] > git for-each-ref --format=%(refname)%00%(upstream:short)%00%(objectname)%00%(upstream:track)%00%(upstream:remotename)%00%(upstream:remoteref) refs/heads/main refs/remotes/main [38ms]
2024-10-06 06:32:59.582 [info] > git config --local branch.main.vscode-merge-base [16ms]
2024-10-06 06:32:59.582 [warning] [Git][config] git config failed: Failed to execute git
2024-10-06 06:32:59.597 [info] > git diff --name-status -z --diff-filter=ADMR 49e58478b4d04713056e6d6b8c3c8eab88ffeca5...refs/remotes/origin/main [44ms]
2024-10-06 06:32:59.598 [info] > git rev-parse refs/remotes/origin/main [52ms]
2024-10-06 06:32:59.640 [info] > git for-each-ref --sort -committerdate --format %(refname) %(objectname) %(*objectname) [2ms]
2024-10-06 06:32:59.641 [info] > git reflog main --grep-reflog=branch: Created from *. [44ms]
2024-10-06 06:33:00.168 [info] > git symbolic-ref --short refs/remotes/origin/HEAD [432ms]
2024-10-06 06:33:00.168 [info] fatal: ref refs/remotes/origin/HEAD is not a symbolic ref
2024-10-06 06:33:00.168 [warning] [Repository][getDefaultBranch] Failed to get default branch details: Failed to execute git.
2024-10-06 06:33:06.154 [info] > git status -z -uall [6541ms] (cancelled)
